This file contains any messages produced by compilers while
running configure, to aid debugging if configure makes a mistake.

It was created by configure, which was
generated by GNU Autoconf 2.69.  Invocation command line was

  $ ./configure 

## --------- ##
## Platform. ##
## --------- ##

hostname = shou-ws
uname -m = x86_64
uname -r = 5.8.0-41-generic
uname -s = Linux
uname -v = #46-Ubuntu SMP Mon Jan 18 16:48:44 UTC 2021

/usr/bin/uname -p = x86_64
/bin/uname -X     = unknown

/bin/arch              = x86_64
/usr/bin/arch -k       = unknown
/usr/convex/getsysinfo = unknown
/usr/bin/hostinfo      = unknown
/bin/machine           = unknown
/usr/bin/oslevel       = unknown
/bin/universe          = unknown

PATH: /home/shou/coding/depot_tools
PATH: /usr/local/sbin
PATH: /usr/local/bin
PATH: /usr/sbin
PATH: /usr/bin
PATH: /sbin
PATH: /bin
PATH: /usr/games
PATH: /usr/local/games
PATH: /snap/bin
PATH: /usr/swift/usr/bin


## ----------- ##
## Core tests. ##
## ----------- ##

configure:2429: checking for grep that handles long lines and -e
configure:2487: result: /usr/bin/grep
configure:2492: checking for egrep
configure:2554: result: /usr/bin/grep -E
configure:2559: checking for a sed that does not truncate output
configure:2623: result: /usr/bin/sed
configure:2762: checking for pkg-config
configure:2780: found /usr/bin/pkg-config
configure:2792: result: /usr/bin/pkg-config
configure:2817: checking pkg-config is at least version 0.9.0
configure:2820: result: yes
configure:2882: checking for cc
configure:2898: found /usr/bin/cc
configure:2909: result: cc
configure:2940: checking for C compiler version
configure:2949: cc --version >&5
cc (Ubuntu 10.2.0-13ubuntu1) 10.2.0
Copyright (C) 2020 Free Software Foundation, Inc.
This is free software; see the source for copying conditions.  There is NO
warranty; not even for MERCHANTABILITY or FITNESS FOR A PARTICULAR PURPOSE.

configure:2960: $? = 0
configure:2949: cc -v >&5
Using built-in specs.
COLLECT_GCC=cc
COLLECT_LTO_WRAPPER=/usr/lib/gcc/x86_64-linux-gnu/10/lto-wrapper
OFFLOAD_TARGET_NAMES=nvptx-none:amdgcn-amdhsa:hsa
OFFLOAD_TARGET_DEFAULT=1
Target: x86_64-linux-gnu
Configured with: ../src/configure -v --with-pkgversion='Ubuntu 10.2.0-13ubuntu1' --with-bugurl=file:///usr/share/doc/gcc-10/README.Bugs --enable-languages=c,ada,c++,go,brig,d,fortran,objc,obj-c++,m2 --prefix=/usr --with-gcc-major-version-only --program-suffix=-10 --program-prefix=x86_64-linux-gnu- --enable-shared --enable-linker-build-id --libexecdir=/usr/lib --without-included-gettext --enable-threads=posix --libdir=/usr/lib --enable-nls --enable-clocale=gnu --enable-libstdcxx-debug --enable-libstdcxx-time=yes --with-default-libstdcxx-abi=new --enable-gnu-unique-object --disable-vtable-verify --enable-plugin --enable-default-pie --with-system-zlib --enable-libphobos-checking=release --with-target-system-zlib=auto --enable-objc-gc=auto --enable-multiarch --disable-werror --with-arch-32=i686 --with-abi=m64 --with-multilib-list=m32,m64,mx32 --enable-multilib --with-tune=generic --enable-offload-targets=nvptx-none=/build/gcc-10-JvwpWM/gcc-10-10.2.0/debian/tmp-nvptx/usr,amdgcn-amdhsa=/build/gcc-10-JvwpWM/gcc-10-10.2.0/debian/tmp-gcn/usr,hsa --without-cuda-driver --enable-checking=release --build=x86_64-linux-gnu --host=x86_64-linux-gnu --target=x86_64-linux-gnu
Thread model: posix
Supported LTO compression algorithms: zlib zstd
gcc version 10.2.0 (Ubuntu 10.2.0-13ubuntu1) 
... rest of stderr output deleted ...
configure:2960: $? = 0
configure:2949: cc -V >&5
cc: error: unrecognized command-line option '-V'
cc: fatal error: no input files
compilation terminated.
configure:2960: $? = 1
configure:2949: cc -qversion >&5
cc: error: unrecognized command-line option '-qversion'; did you mean '--version'?
cc: fatal error: no input files
compilation terminated.
configure:2960: $? = 1
configure:2980: checking whether the C compiler works
configure:3002: cc    conftest.c  >&5
configure:3006: $? = 0
configure:3054: result: yes
configure:3057: checking for C compiler default output file name
configure:3059: result: a.out
configure:3065: checking for suffix of executables
configure:3072: cc -o conftest    conftest.c  >&5
configure:3076: $? = 0
configure:3098: result: 
configure:3120: checking whether we are cross compiling
configure:3128: cc -o conftest    conftest.c  >&5
configure:3132: $? = 0
configure:3139: ./conftest
configure:3143: $? = 0
configure:3131: result: no
configure:3136: checking for suffix of object files
configure:3158: cc -c   conftest.c >&5
configure:3162: $? = 0
configure:3183: result: o
configure:3187: checking whether we are using the GNU C compiler
configure:3206: cc -c   conftest.c >&5
configure:3206: $? = 0
configure:3215: result: yes
configure:3224: checking whether cc accepts -g
configure:3244: cc -c -g  conftest.c >&5
configure:3244: $? = 0
configure:3285: result: yes
configure:3302: checking for cc option to accept ISO C89
configure:3365: cc  -c -g -O2  conftest.c >&5
configure:3365: $? = 0
configure:3378: result: none needed
configure:3404: checking how to run the C preprocessor
configure:3435: cc -E  conftest.c
configure:3435: $? = 0
configure:3449: cc -E  conftest.c
conftest.c:9:10: fatal error: ac_nonexistent.h: No such file or directory
    9 | #include <ac_nonexistent.h>
      |          ^~~~~~~~~~~~~~~~~~
compilation terminated.
configure:3449: $? = 1
configure: failed program was:
| /* confdefs.h */
| #define PACKAGE_NAME ""
| #define PACKAGE_TARNAME ""
| #define PACKAGE_VERSION ""
| #define PACKAGE_STRING ""
| #define PACKAGE_BUGREPORT ""
| #define PACKAGE_URL ""
| /* end confdefs.h.  */
| #include <ac_nonexistent.h>
configure:3474: result: cc -E
configure:3494: cc -E  conftest.c
configure:3494: $? = 0
configure:3508: cc -E  conftest.c
conftest.c:9:10: fatal error: ac_nonexistent.h: No such file or directory
    9 | #include <ac_nonexistent.h>
      |          ^~~~~~~~~~~~~~~~~~
compilation terminated.
configure:3508: $? = 1
configure: failed program was:
| /* confdefs.h */
| #define PACKAGE_NAME ""
| #define PACKAGE_TARNAME ""
| #define PACKAGE_VERSION ""
| #define PACKAGE_STRING ""
| #define PACKAGE_BUGREPORT ""
| #define PACKAGE_URL ""
| /* end confdefs.h.  */
| #include <ac_nonexistent.h>
configure:3539: checking for icc
configure:3548: result: no
configure:3562: checking for suncc
configure:3571: result: no
configure:3589: checking for system library directory
configure:3604: result: lib
configure:3611: checking if compiler supports -R
configure:3630: cc -o conftest -g -O2   conftest.c -R /usr/lib  >&5
cc: error: unrecognized command-line option '-R'
configure:3630: $? = 1
configure: failed program was:
| /* confdefs.h */
| #define PACKAGE_NAME ""
| #define PACKAGE_TARNAME ""
| #define PACKAGE_VERSION ""
| #define PACKAGE_STRING ""
| #define PACKAGE_BUGREPORT ""
| #define PACKAGE_URL ""
| /* end confdefs.h.  */
| 
| int
| main ()
| {
| 
|   ;
|   return 0;
| }
configure:3640: result: no
configure:3645: checking if compiler supports -Wl,-rpath,
configure:3664: cc -o conftest -g -O2   conftest.c -Wl,-rpath,/usr/lib  >&5
configure:3664: $? = 0
configure:3674: result: yes
configure:3690: checking build system type
configure:3704: result: x86_64-pc-linux-gnu
configure:3724: checking host system type
configure:3737: result: x86_64-pc-linux-gnu
configure:3757: checking target system type
configure:3770: result: x86_64-pc-linux-gnu
configure:3873: checking for PHP prefix
configure:3875: result: /usr/local
configure:3877: checking for PHP includes
configure:3879: result: -I/usr/local/include/php -I/usr/local/include/php/main -I/usr/local/include/php/TSRM -I/usr/local/include/php/Zend -I/usr/local/include/php/ext -I/usr/local/include/php/ext/date/lib
configure:3881: checking for PHP extension directory
configure:3883: result: /usr/local/lib/php/extensions/debug-non-zts-20190902
configure:3885: checking for PHP installed headers prefix
configure:3887: result: /usr/local/include/php
configure:3890: checking if debug is enabled
configure:3916: result: yes
configure:3919: checking if zts is enabled
configure:3945: result: no
configure:4013: checking for gawk
configure:4030: found /usr/bin/gawk
configure:4041: result: gawk
configure:4180: checking for g++
configure:4196: found /usr/bin/g++
configure:4207: result: g++
configure:4234: checking for C++ compiler version
configure:4243: g++ --version >&5
g++ (Ubuntu 10.2.0-13ubuntu1) 10.2.0
Copyright (C) 2020 Free Software Foundation, Inc.
This is free software; see the source for copying conditions.  There is NO
warranty; not even for MERCHANTABILITY or FITNESS FOR A PARTICULAR PURPOSE.

configure:4254: $? = 0
configure:4243: g++ -v >&5
Using built-in specs.
COLLECT_GCC=g++
COLLECT_LTO_WRAPPER=/usr/lib/gcc/x86_64-linux-gnu/10/lto-wrapper
OFFLOAD_TARGET_NAMES=nvptx-none:amdgcn-amdhsa:hsa
OFFLOAD_TARGET_DEFAULT=1
Target: x86_64-linux-gnu
Configured with: ../src/configure -v --with-pkgversion='Ubuntu 10.2.0-13ubuntu1' --with-bugurl=file:///usr/share/doc/gcc-10/README.Bugs --enable-languages=c,ada,c++,go,brig,d,fortran,objc,obj-c++,m2 --prefix=/usr --with-gcc-major-version-only --program-suffix=-10 --program-prefix=x86_64-linux-gnu- --enable-shared --enable-linker-build-id --libexecdir=/usr/lib --without-included-gettext --enable-threads=posix --libdir=/usr/lib --enable-nls --enable-clocale=gnu --enable-libstdcxx-debug --enable-libstdcxx-time=yes --with-default-libstdcxx-abi=new --enable-gnu-unique-object --disable-vtable-verify --enable-plugin --enable-default-pie --with-system-zlib --enable-libphobos-checking=release --with-target-system-zlib=auto --enable-objc-gc=auto --enable-multiarch --disable-werror --with-arch-32=i686 --with-abi=m64 --with-multilib-list=m32,m64,mx32 --enable-multilib --with-tune=generic --enable-offload-targets=nvptx-none=/build/gcc-10-JvwpWM/gcc-10-10.2.0/debian/tmp-nvptx/usr,amdgcn-amdhsa=/build/gcc-10-JvwpWM/gcc-10-10.2.0/debian/tmp-gcn/usr,hsa --without-cuda-driver --enable-checking=release --build=x86_64-linux-gnu --host=x86_64-linux-gnu --target=x86_64-linux-gnu
Thread model: posix
Supported LTO compression algorithms: zlib zstd
gcc version 10.2.0 (Ubuntu 10.2.0-13ubuntu1) 
... rest of stderr output deleted ...
configure:4254: $? = 0
configure:4243: g++ -V >&5
g++: error: unrecognized command-line option '-V'
g++: fatal error: no input files
compilation terminated.
configure:4254: $? = 1
configure:4243: g++ -qversion >&5
g++: error: unrecognized command-line option '-qversion'; did you mean '--version'?
g++: fatal error: no input files
compilation terminated.
configure:4254: $? = 1
configure:4258: checking whether we are using the GNU C++ compiler
configure:4277: g++ -c  -g -O0  conftest.cpp >&5
configure:4277: $? = 0
configure:4286: result: yes
configure:4295: checking whether g++ accepts -g
configure:4315: g++ -c -g  conftest.cpp >&5
configure:4315: $? = 0
configure:4356: result: yes
configure:4387: checking whether g++ supports C++11 features by default
configure:4413: g++ -c  -g -O0  conftest.cpp >&5
configure:4413: $? = 0
configure:4420: result: yes
configure:4554: checking whether to enable hsfuzz
configure:4593: result: yes, shared
configure:4717: checking for C++ compiler version
configure:4726: g++ --version >&5
g++ (Ubuntu 10.2.0-13ubuntu1) 10.2.0
Copyright (C) 2020 Free Software Foundation, Inc.
This is free software; see the source for copying conditions.  There is NO
warranty; not even for MERCHANTABILITY or FITNESS FOR A PARTICULAR PURPOSE.

configure:4737: $? = 0
configure:4726: g++ -v >&5
Using built-in specs.
COLLECT_GCC=g++
COLLECT_LTO_WRAPPER=/usr/lib/gcc/x86_64-linux-gnu/10/lto-wrapper
OFFLOAD_TARGET_NAMES=nvptx-none:amdgcn-amdhsa:hsa
OFFLOAD_TARGET_DEFAULT=1
Target: x86_64-linux-gnu
Configured with: ../src/configure -v --with-pkgversion='Ubuntu 10.2.0-13ubuntu1' --with-bugurl=file:///usr/share/doc/gcc-10/README.Bugs --enable-languages=c,ada,c++,go,brig,d,fortran,objc,obj-c++,m2 --prefix=/usr --with-gcc-major-version-only --program-suffix=-10 --program-prefix=x86_64-linux-gnu- --enable-shared --enable-linker-build-id --libexecdir=/usr/lib --without-included-gettext --enable-threads=posix --libdir=/usr/lib --enable-nls --enable-clocale=gnu --enable-libstdcxx-debug --enable-libstdcxx-time=yes --with-default-libstdcxx-abi=new --enable-gnu-unique-object --disable-vtable-verify --enable-plugin --enable-default-pie --with-system-zlib --enable-libphobos-checking=release --with-target-system-zlib=auto --enable-objc-gc=auto --enable-multiarch --disable-werror --with-arch-32=i686 --with-abi=m64 --with-multilib-list=m32,m64,mx32 --enable-multilib --with-tune=generic --enable-offload-targets=nvptx-none=/build/gcc-10-JvwpWM/gcc-10-10.2.0/debian/tmp-nvptx/usr,amdgcn-amdhsa=/build/gcc-10-JvwpWM/gcc-10-10.2.0/debian/tmp-gcn/usr,hsa --without-cuda-driver --enable-checking=release --build=x86_64-linux-gnu --host=x86_64-linux-gnu --target=x86_64-linux-gnu
Thread model: posix
Supported LTO compression algorithms: zlib zstd
gcc version 10.2.0 (Ubuntu 10.2.0-13ubuntu1) 
... rest of stderr output deleted ...
configure:4737: $? = 0
configure:4726: g++ -V >&5
g++: error: unrecognized command-line option '-V'
g++: fatal error: no input files
compilation terminated.
configure:4737: $? = 1
configure:4726: g++ -qversion >&5
g++: error: unrecognized command-line option '-qversion'; did you mean '--version'?
g++: fatal error: no input files
compilation terminated.
configure:4737: $? = 1
configure:4741: checking whether we are using the GNU C++ compiler
configure:4769: result: yes
configure:4778: checking whether g++ accepts -g
configure:4839: result: yes
configure:4867: checking how to run the C++ preprocessor
configure:4894: g++ -E  conftest.cpp
configure:4894: $? = 0
configure:4908: g++ -E  conftest.cpp
conftest.cpp:11:10: fatal error: ac_nonexistent.h: No such file or directory
   11 | #include <ac_nonexistent.h>
      |          ^~~~~~~~~~~~~~~~~~
compilation terminated.
configure:4908: $? = 1
configure: failed program was:
| /* confdefs.h */
| #define PACKAGE_NAME ""
| #define PACKAGE_TARNAME ""
| #define PACKAGE_VERSION ""
| #define PACKAGE_STRING ""
| #define PACKAGE_BUGREPORT ""
| #define PACKAGE_URL ""
| #define HAVE_CXX11 1
| #define HAVE_HSFUZZ 1
| /* end confdefs.h.  */
| #include <ac_nonexistent.h>
configure:4933: result: g++ -E
configure:4953: g++ -E  conftest.cpp
configure:4953: $? = 0
configure:4967: g++ -E  conftest.cpp
conftest.cpp:11:10: fatal error: ac_nonexistent.h: No such file or directory
   11 | #include <ac_nonexistent.h>
      |          ^~~~~~~~~~~~~~~~~~
compilation terminated.
configure:4967: $? = 1
configure: failed program was:
| /* confdefs.h */
| #define PACKAGE_NAME ""
| #define PACKAGE_TARNAME ""
| #define PACKAGE_VERSION ""
| #define PACKAGE_STRING ""
| #define PACKAGE_BUGREPORT ""
| #define PACKAGE_URL ""
| #define HAVE_CXX11 1
| #define HAVE_HSFUZZ 1
| /* end confdefs.h.  */
| #include <ac_nonexistent.h>
configure:5390: checking for a sed that does not truncate output
configure:5444: result: /usr/bin/sed
configure:5458: checking for ld used by cc
configure:5525: result: /usr/bin/ld
configure:5532: checking if the linker (/usr/bin/ld) is GNU ld
configure:5547: result: yes
configure:5552: checking for /usr/bin/ld option to reload object files
configure:5559: result: -r
configure:5577: checking for BSD-compatible nm
configure:5626: result: /usr/bin/nm -B
configure:5630: checking whether ln -s works
configure:5634: result: yes
configure:5641: checking how to recognize dependent libraries
configure:5827: result: pass_all
configure:5912: cc -c -g  -O0  conftest.c >&5
configure:5915: $? = 0
configure:6045: checking for ANSI C header files
configure:6065: cc -c -g  -O0  conftest.c >&5
configure:6065: $? = 0
configure:6138: cc -o conftest -g  -O0   conftest.c -lstdc++  >&5
configure:6138: $? = 0
configure:6138: ./conftest
configure:6138: $? = 0
configure:6149: result: yes
configure:6162: checking for sys/types.h
configure:6162: cc -c -g  -O0  conftest.c >&5
configure:6162: $? = 0
configure:6162: result: yes
configure:6162: checking for sys/stat.h
configure:6162: cc -c -g  -O0  conftest.c >&5
configure:6162: $? = 0
configure:6162: result: yes
configure:6162: checking for stdlib.h
configure:6162: cc -c -g  -O0  conftest.c >&5
configure:6162: $? = 0
configure:6162: result: yes
configure:6162: checking for string.h
configure:6162: cc -c -g  -O0  conftest.c >&5
configure:6162: $? = 0
configure:6162: result: yes
configure:6162: checking for memory.h
configure:6162: cc -c -g  -O0  conftest.c >&5
configure:6162: $? = 0
configure:6162: result: yes
configure:6162: checking for strings.h
configure:6162: cc -c -g  -O0  conftest.c >&5
configure:6162: $? = 0
configure:6162: result: yes
configure:6162: checking for inttypes.h
configure:6162: cc -c -g  -O0  conftest.c >&5
configure:6162: $? = 0
configure:6162: result: yes
configure:6162: checking for stdint.h
configure:6162: cc -c -g  -O0  conftest.c >&5
configure:6162: $? = 0
configure:6162: result: yes
configure:6162: checking for unistd.h
configure:6162: cc -c -g  -O0  conftest.c >&5
configure:6162: $? = 0
configure:6162: result: yes
configure:6176: checking dlfcn.h usability
configure:6176: cc -c -g  -O0  conftest.c >&5
configure:6176: $? = 0
configure:6176: result: yes
configure:6176: checking dlfcn.h presence
configure:6176: cc -E  conftest.c
configure:6176: $? = 0
configure:6176: result: yes
configure:6176: checking for dlfcn.h
configure:6176: result: yes
configure:6196: checking how to run the C++ preprocessor
configure:6262: result: g++ -E
configure:6282: g++ -E  conftest.cpp
configure:6282: $? = 0
configure:6296: g++ -E  conftest.cpp
conftest.cpp:23:10: fatal error: ac_nonexistent.h: No such file or directory
   23 | #include <ac_nonexistent.h>
      |          ^~~~~~~~~~~~~~~~~~
compilation terminated.
configure:6296: $? = 1
configure: failed program was:
| /* confdefs.h */
| #define PACKAGE_NAME ""
| #define PACKAGE_TARNAME ""
| #define PACKAGE_VERSION ""
| #define PACKAGE_STRING ""
| #define PACKAGE_BUGREPORT ""
| #define PACKAGE_URL ""
| #define HAVE_CXX11 1
| #define HAVE_HSFUZZ 1
| #define COMPILE_DL_HSFUZZ 1
| #define STDC_HEADERS 1
| #define HAVE_SYS_TYPES_H 1
| #define HAVE_SYS_STAT_H 1
| #define HAVE_STDLIB_H 1
| #define HAVE_STRING_H 1
| #define HAVE_MEMORY_H 1
| #define HAVE_STRINGS_H 1
| #define HAVE_INTTYPES_H 1
| #define HAVE_STDINT_H 1
| #define HAVE_UNISTD_H 1
| #define HAVE_DLFCN_H 1
| /* end confdefs.h.  */
| #include <ac_nonexistent.h>
configure:6329: checking the maximum length of command line arguments
configure:6441: result: 1572864
configure:6453: checking command to parse /usr/bin/nm -B output from cc object
configure:6558: g++ -c  -g -O0  conftest.cpp >&5
configure:6561: $? = 0
configure:6565: /usr/bin/nm -B conftest.o \| sed -n -e 's/^.*[ 	]\([ABCDGIRSTW][ABCDGIRSTW]*\)[ 	][ 	]*\([_A-Za-z][_A-Za-z0-9]*\)$/\1 \2 \2/p' \> conftest.nm
configure:6568: $? = 0
configure:6620: g++ -o conftest  -g -O0   conftest.cpp conftstm.o >&5
configure:6623: $? = 0
configure:6661: result: ok
configure:6665: checking for objdir
configure:6680: result: .libs
configure:6772: checking for ar
configure:6788: found /usr/bin/ar
configure:6799: result: ar
configure:6864: checking for ranlib
configure:6880: found /usr/bin/ranlib
configure:6891: result: ranlib
configure:6956: checking for strip
configure:6972: found /usr/bin/strip
configure:6983: result: strip
configure:7552: checking if cc supports -fno-rtti -fno-exceptions
configure:7601: cc -c -g  -O0  -fno-rtti -fno-exceptions conftest.c >&5
cc1: warning: command-line option '-fno-rtti' is valid for C++/D/ObjC++ but not for C
configure:7605: $? = 0
configure:7587: result: no
configure:7577: checking for cc option to produce PIC
configure:7817: result: -fPIC
configure:7825: checking if cc PIC flag -fPIC works
configure:7899: cc -c -g  -O0  -fPIC -DPIC conftest.c >&5
configure:7903: $? = 0
configure:7860: result: yes
configure:7859: checking if cc static flag -static works
configure:7887: result: yes
configure:7897: checking if cc supports -c -o file.o
configure:8003: cc -c -g  -O0  -o out/conftest2.o conftest.c >&5
configure:8007: $? = 0
configure:7920: result: yes
configure:7946: checking whether the cc linker (/usr/bin/ld -m elf_x86_64) supports shared libraries
configure:8874: result: yes
configure:8895: checking whether -lc should be explicitly linked in
configure:8900: cc -c -g  -O0  conftest.c >&5
configure:8903: $? = 0
configure:8918: cc -shared conftest.o  -v -Wl,-soname -Wl,conftest -o conftest 2\>\&1 \| grep  -lc  \>/dev/null 2\>\&1
configure:8921: $? = 0
configure:8933: result: no
configure:8941: checking dynamic linker characteristics
configure:9539: result: GNU/Linux ld.so
configure:9563: checking how to hardcode library paths into programs
configure:9588: result: immediate
configure:9602: checking whether stripping libraries is possible
configure:9607: result: yes
configure:10124: checking if libtool supports shared libraries
configure:10126: result: yes
configure:10129: checking whether to build shared libraries
configure:10150: result: yes
configure:10153: checking whether to build static libraries
configure:10157: result: no
configure:10252: result:
creating libtool
configure:10843: checking for ld used by g++
configure:10910: result: /usr/bin/ld -m elf_x86_64
configure:10917: checking if the linker (/usr/bin/ld -m elf_x86_64) is GNU ld
configure:10932: result: yes
configure:10983: checking whether the g++ linker (/usr/bin/ld -m elf_x86_64) supports shared libraries
configure:11881: result: yes
configure:11902: g++ -c  -g -O0  conftest.cpp >&5
configure:11905: $? = 0
configure:12061: checking for g++ option to produce PIC
configure:12351: result: -fPIC
configure:12359: checking if g++ PIC flag -fPIC works
configure:12486: g++ -c  -g -O0  -fPIC -DPIC conftest.cpp >&5
configure:12490: $? = 0
configure:12394: result: yes
configure:12422: checking if g++ static flag -static works
configure:12450: result: yes
configure:12460: checking if g++ supports -c -o file.o
configure:12590: g++ -c  -g -O0  -o out/conftest2.o conftest.cpp >&5
configure:12594: $? = 0
configure:12507: result: yes
configure:12533: checking whether the g++ linker (/usr/bin/ld -m elf_x86_64) supports shared libraries
configure:12559: result: yes
configure:12626: checking dynamic linker characteristics
configure:13172: result: GNU/Linux ld.so
configure:13196: checking how to hardcode library paths into programs
configure:13221: result: immediate
configure:13940: patching config.h.in
configure:13951: creating ./config.status

## ---------------------- ##
## Running config.status. ##
## ---------------------- ##

This file was extended by config.status, which was
generated by GNU Autoconf 2.69.  Invocation command line was

  CONFIG_FILES    = 
  CONFIG_HEADERS  = 
  CONFIG_LINKS    = 
  CONFIG_COMMANDS = 
  $ ./config.status 

on shou-ws

config.status:674: creating config.h
config.status:764: config.h is unchanged

## ---------------- ##
## Cache variables. ##
## ---------------- ##

ac_cv_build=x86_64-pc-linux-gnu
ac_cv_c_compiler_gnu=yes
ac_cv_cxx_compiler_gnu=yes
ac_cv_env_CCC_set=
ac_cv_env_CCC_value=
ac_cv_env_CC_set=
ac_cv_env_CC_value=
ac_cv_env_CFLAGS_set=
ac_cv_env_CFLAGS_value=
ac_cv_env_CPPFLAGS_set=
ac_cv_env_CPPFLAGS_value=
ac_cv_env_CPP_set=
ac_cv_env_CPP_value=
ac_cv_env_CXXCPP_set=
ac_cv_env_CXXCPP_value=
ac_cv_env_CXXFLAGS_set=
ac_cv_env_CXXFLAGS_value=
ac_cv_env_CXX_set=
ac_cv_env_CXX_value=
ac_cv_env_LDFLAGS_set=
ac_cv_env_LDFLAGS_value=
ac_cv_env_LIBS_set=
ac_cv_env_LIBS_value=
ac_cv_env_PKG_CONFIG_LIBDIR_set=
ac_cv_env_PKG_CONFIG_LIBDIR_value=
ac_cv_env_PKG_CONFIG_PATH_set=
ac_cv_env_PKG_CONFIG_PATH_value=
ac_cv_env_PKG_CONFIG_set=
ac_cv_env_PKG_CONFIG_value=
ac_cv_env_build_alias_set=
ac_cv_env_build_alias_value=
ac_cv_env_host_alias_set=
ac_cv_env_host_alias_value=
ac_cv_env_target_alias_set=
ac_cv_env_target_alias_value=
ac_cv_header_dlfcn_h=yes
ac_cv_header_inttypes_h=yes
ac_cv_header_memory_h=yes
ac_cv_header_stdc=yes
ac_cv_header_stdint_h=yes
ac_cv_header_stdlib_h=yes
ac_cv_header_string_h=yes
ac_cv_header_strings_h=yes
ac_cv_header_sys_stat_h=yes
ac_cv_header_sys_types_h=yes
ac_cv_header_unistd_h=yes
ac_cv_host=x86_64-pc-linux-gnu
ac_cv_objext=o
ac_cv_path_EGREP='/usr/bin/grep -E'
ac_cv_path_GREP=/usr/bin/grep
ac_cv_path_SED=/usr/bin/sed
ac_cv_path_ac_pt_PKG_CONFIG=/usr/bin/pkg-config
ac_cv_prog_AWK=gawk
ac_cv_prog_CPP='cc -E'
ac_cv_prog_CXXCPP='g++ -E'
ac_cv_prog_ac_ct_AR=ar
ac_cv_prog_ac_ct_CC=cc
ac_cv_prog_ac_ct_CXX=g++
ac_cv_prog_ac_ct_RANLIB=ranlib
ac_cv_prog_ac_ct_STRIP=strip
ac_cv_prog_cc_c89=
ac_cv_prog_cc_g=yes
ac_cv_prog_cxx_g=yes
ac_cv_target=x86_64-pc-linux-gnu
ax_cv_cxx_compile_cxx11=yes
lt_cv_deplibs_check_method=pass_all
lt_cv_file_magic_cmd='$MAGIC_CMD'
lt_cv_file_magic_test_file=
lt_cv_ld_reload_flag=-r
lt_cv_objdir=.libs
lt_cv_path_LD=/usr/bin/ld
lt_cv_path_LDCXX='/usr/bin/ld -m elf_x86_64'
lt_cv_path_NM='/usr/bin/nm -B'
lt_cv_path_SED=/usr/bin/sed
lt_cv_prog_compiler_c_o=yes
lt_cv_prog_compiler_c_o_CXX=yes
lt_cv_prog_compiler_pic_works=yes
lt_cv_prog_compiler_pic_works_CXX=yes
lt_cv_prog_compiler_rtti_exceptions=no
lt_cv_prog_compiler_static_works=yes
lt_cv_prog_compiler_static_works_CXX=yes
lt_cv_prog_gnu_ld=yes
lt_cv_prog_gnu_ldcxx=yes
lt_cv_sys_global_symbol_pipe='sed -n -e '\''s/^.*[ 	]\([ABCDGIRSTW][ABCDGIRSTW]*\)[ 	][ 	]*\([_A-Za-z][_A-Za-z0-9]*\)$/\1 \2 \2/p'\'''
lt_cv_sys_global_symbol_to_c_name_address='sed -n -e '\''s/^: \([^ ]*\) $/  {\"\1\", (lt_ptr) 0},/p'\'' -e '\''s/^[BCDEGRST] \([^ ]*\) \([^ ]*\)$/  {"\2", (lt_ptr) \&\2},/p'\'''
lt_cv_sys_global_symbol_to_cdecl='sed -n -e '\''s/^. .* \(.*\)$/extern int \1;/p'\'''
lt_cv_sys_lib_dlsearch_path_spec='/lib /usr/lib /usr/lib/x86_64-linux-gnu/libfakeroot /usr/local/lib/i386-linux-gnu /lib/i386-linux-gnu /usr/lib/i386-linux-gnu /usr/local/lib/i686-linux-gnu /lib/i686-linux-gnu /usr/lib/i686-linux-gnu /usr/local/lib /usr/local/lib/x86_64-linux-gnu /lib/x86_64-linux-gnu /usr/lib/x86_64-linux-gnu /lib32 /usr/lib32 '
lt_cv_sys_lib_search_path_spec='/usr/lib/gcc/x86_64-linux-gnu/10 /usr/lib/x86_64-linux-gnu /usr/lib /lib/x86_64-linux-gnu /lib'
lt_cv_sys_max_cmd_len=1572864
lt_lt_cv_prog_compiler_c_o='"yes"'
lt_lt_cv_prog_compiler_c_o_CXX='"yes"'
lt_lt_cv_sys_global_symbol_pipe='"sed -n -e '\''s/^.*[ 	]\\([ABCDGIRSTW][ABCDGIRSTW]*\\)[ 	][ 	]*\\([_A-Za-z][_A-Za-z0-9]*\\)\$/\\1 \\2 \\2/p'\''"'
lt_lt_cv_sys_global_symbol_to_c_name_address='"sed -n -e '\''s/^: \\([^ ]*\\) \$/  {\\\"\\1\\\", (lt_ptr) 0},/p'\'' -e '\''s/^[BCDEGRST] \\([^ ]*\\) \\([^ ]*\\)\$/  {\"\\2\", (lt_ptr) \\&\\2},/p'\''"'
lt_lt_cv_sys_global_symbol_to_cdecl='"sed -n -e '\''s/^. .* \\(.*\\)\$/extern int \\1;/p'\''"'
php_cv_cc_dashr=no
php_cv_cc_rpath=yes

## ----------------- ##
## Output variables. ##
## ----------------- ##

AR='ar'
AWK='gawk'
CC='cc'
CFLAGS='-g  -O0'
CONFIGURE_COMMAND=' '\''./configure'\'' '
CONFIGURE_OPTIONS=''
CPP='cc -E'
CPPFLAGS=' -DHAVE_CONFIG_H'
CXX='g++'
CXXCPP='g++ -E'
CXXFLAGS=' -g -O0'
DEFS='-DHAVE_CONFIG_H'
DSYMUTIL=''
ECHO='echo'
ECHO_C=''
ECHO_N='-n'
ECHO_T=''
EGREP='/usr/bin/grep -E'
EXEEXT=''
GREP='/usr/bin/grep'
HAVE_CXX11='1'
LDFLAGS=''
LIBOBJS=''
LIBS='-lstdc++ '
LIBTOOL='$(SHELL) $(top_builddir)/libtool'
LN_S='ln -s'
LTLIBOBJS=''
NMEDIT=''
OBJEXT='o'
PACKAGE_BUGREPORT=''
PACKAGE_NAME=''
PACKAGE_STRING=''
PACKAGE_TARNAME=''
PACKAGE_URL=''
PACKAGE_VERSION=''
PATH_SEPARATOR=':'
PKG_CONFIG='/usr/bin/pkg-config'
PKG_CONFIG_LIBDIR=''
PKG_CONFIG_PATH=''
RANLIB='ranlib'
SED='/usr/bin/sed'
SHELL='/bin/bash'
SHLIB_DL_SUFFIX_NAME='so'
SHLIB_SUFFIX_NAME='so'
STRIP='strip'
ac_ct_CC='cc'
ac_ct_CXX='g++'
bindir='${exec_prefix}/bin'
build='x86_64-pc-linux-gnu'
build_alias=''
build_cpu='x86_64'
build_os='linux-gnu'
build_vendor='pc'
datadir='${datarootdir}'
datarootdir='${prefix}/share'
docdir='${datarootdir}/doc/${PACKAGE}'
dvidir='${docdir}'
exec_prefix='$(prefix)'
host='x86_64-pc-linux-gnu'
host_alias='x86_64-pc-linux-gnu'
host_cpu='x86_64'
host_os='linux-gnu'
host_vendor='pc'
htmldir='${docdir}'
includedir='${prefix}/include'
infodir='${datarootdir}/info'
libdir='${exec_prefix}/lib'
libexecdir='${exec_prefix}/libexec'
localedir='${datarootdir}/locale'
localstatedir='${prefix}/var'
mandir='${datarootdir}/man'
oldincludedir='/usr/include'
pdfdir='${docdir}'
prefix='/usr/local'
program_transform_name='s,x,x,'
psdir='${docdir}'
runstatedir='${localstatedir}/run'
sbindir='${exec_prefix}/sbin'
sharedstatedir='${prefix}/com'
sysconfdir='${prefix}/etc'
target='x86_64-pc-linux-gnu'
target_alias=''
target_cpu='x86_64'
target_os='linux-gnu'
target_vendor='pc'

## ----------- ##
## confdefs.h. ##
## ----------- ##

/* confdefs.h */
#define PACKAGE_NAME ""
#define PACKAGE_TARNAME ""
#define PACKAGE_VERSION ""
#define PACKAGE_STRING ""
#define PACKAGE_BUGREPORT ""
#define PACKAGE_URL ""
#define HAVE_CXX11 1
#define HAVE_HSFUZZ 1
#define COMPILE_DL_HSFUZZ 1
#define STDC_HEADERS 1
#define HAVE_SYS_TYPES_H 1
#define HAVE_SYS_STAT_H 1
#define HAVE_STDLIB_H 1
#define HAVE_STRING_H 1
#define HAVE_MEMORY_H 1
#define HAVE_STRINGS_H 1
#define HAVE_INTTYPES_H 1
#define HAVE_STDINT_H 1
#define HAVE_UNISTD_H 1
#define HAVE_DLFCN_H 1

configure: exit 0
