The system is: Linux - 5.8.0-45-generic - x86_64
Compiling the C compiler identification source file "CMakeCCompilerId.c" succeeded.
Compiler: /usr/bin/clang 
Build flags: 
Id flags:  

The output was:
0


Compilation of the C compiler identification source "CMakeCCompilerId.c" produced "a.out"

The C compiler identification is Clang, found in "/home/shou/coding/hsfuzz/corbfuzz_ext/cmake-build-debug/CMakeFiles/3.17.5/CompilerIdC/a.out"

Compiling the CXX compiler identification source file "CMakeCXXCompilerId.cpp" succeeded.
Compiler: /usr/bin/clang++ 
Build flags: 
Id flags:  

The output was:
0


Compilation of the CXX compiler identification source "CMakeCXXCompilerId.cpp" produced "a.out"

The CXX compiler identification is Clang, found in "/home/shou/coding/hsfuzz/corbfuzz_ext/cmake-build-debug/CMakeFiles/3.17.5/CompilerIdCXX/a.out"

Determining if the C compiler works passed with the following output:
Change Dir: /home/shou/coding/hsfuzz/corbfuzz_ext/cmake-build-debug/CMakeFiles/CMakeTmp

Run Build Command(s):/usr/bin/gmake cmTC_30203/fast && /usr/bin/gmake  -f CMakeFiles/cmTC_30203.dir/build.make CMakeFiles/cmTC_30203.dir/build
gmake[1]: Entering directory '/home/shou/coding/hsfuzz/corbfuzz_ext/cmake-build-debug/CMakeFiles/CMakeTmp'
Building C object CMakeFiles/cmTC_30203.dir/testCCompiler.c.o
/usr/bin/clang    -o CMakeFiles/cmTC_30203.dir/testCCompiler.c.o   -c /home/shou/coding/hsfuzz/corbfuzz_ext/cmake-build-debug/CMakeFiles/CMakeTmp/testCCompiler.c
Linking C executable cmTC_30203
/snap/clion/145/bin/cmake/linux/bin/cmake -E cmake_link_script CMakeFiles/cmTC_30203.dir/link.txt --verbose=1
/usr/bin/clang      CMakeFiles/cmTC_30203.dir/testCCompiler.c.o  -o cmTC_30203 
gmake[1]: Leaving directory '/home/shou/coding/hsfuzz/corbfuzz_ext/cmake-build-debug/CMakeFiles/CMakeTmp'



Detecting C compiler ABI info compiled with the following output:
Change Dir: /home/shou/coding/hsfuzz/corbfuzz_ext/cmake-build-debug/CMakeFiles/CMakeTmp

Run Build Command(s):/usr/bin/gmake cmTC_ccad6/fast && /usr/bin/gmake  -f CMakeFiles/cmTC_ccad6.dir/build.make CMakeFiles/cmTC_ccad6.dir/build
gmake[1]: Entering directory '/home/shou/coding/hsfuzz/corbfuzz_ext/cmake-build-debug/CMakeFiles/CMakeTmp'
Building C object CMakeFiles/cmTC_ccad6.dir/CMakeCCompilerABI.c.o
/usr/bin/clang   -v -o CMakeFiles/cmTC_ccad6.dir/CMakeCCompilerABI.c.o   -c /snap/clion/145/bin/cmake/linux/share/cmake-3.17/Modules/CMakeCCompilerABI.c
Ubuntu clang version 11.0.0-2
Target: x86_64-pc-linux-gnu
Thread model: posix
InstalledDir: /usr/bin
Found candidate GCC installation: /usr/bin/../lib/gcc/x86_64-linux-gnu/10
Found candidate GCC installation: /usr/bin/../lib/gcc/x86_64-linux-gnu/9
Found candidate GCC installation: /usr/lib/gcc/x86_64-linux-gnu/10
Found candidate GCC installation: /usr/lib/gcc/x86_64-linux-gnu/9
Selected GCC installation: /usr/bin/../lib/gcc/x86_64-linux-gnu/10
Candidate multilib: .;@m64
Selected multilib: .;@m64
Found CUDA installation: /usr/lib/cuda, version 11.0
 (in-process)
 "/usr/lib/llvm-11/bin/clang" -cc1 -triple x86_64-pc-linux-gnu -emit-obj -mrelax-all -disable-free -disable-llvm-verifier -discard-value-names -main-file-name CMakeCCompilerABI.c -mrelocation-model static -mframe-pointer=all -fmath-errno -fno-rounding-math -mconstructor-aliases -munwind-tables -target-cpu x86-64 -fno-split-dwarf-inlining -debugger-tuning=gdb -v -resource-dir /usr/lib/llvm-11/lib/clang/11.0.0 -internal-isystem /usr/local/include -internal-isystem /usr/lib/llvm-11/lib/clang/11.0.0/include -internal-externc-isystem /usr/include/x86_64-linux-gnu -internal-externc-isystem /include -internal-externc-isystem /usr/include -fdebug-compilation-dir /home/shou/coding/hsfuzz/corbfuzz_ext/cmake-build-debug/CMakeFiles/CMakeTmp -ferror-limit 19 -fgnuc-version=4.2.1 -faddrsig -o CMakeFiles/cmTC_ccad6.dir/CMakeCCompilerABI.c.o -x c /snap/clion/145/bin/cmake/linux/share/cmake-3.17/Modules/CMakeCCompilerABI.c
clang -cc1 version 11.0.0 based upon LLVM 11.0.0 default target x86_64-pc-linux-gnu
ignoring nonexistent directory "/include"
#include "..." search starts here:
#include <...> search starts here:
 /usr/local/include
 /usr/lib/llvm-11/lib/clang/11.0.0/include
 /usr/include/x86_64-linux-gnu
 /usr/include
End of search list.
Linking C executable cmTC_ccad6
/snap/clion/145/bin/cmake/linux/bin/cmake -E cmake_link_script CMakeFiles/cmTC_ccad6.dir/link.txt --verbose=1
/usr/bin/clang     -v CMakeFiles/cmTC_ccad6.dir/CMakeCCompilerABI.c.o  -o cmTC_ccad6 
Ubuntu clang version 11.0.0-2
Target: x86_64-pc-linux-gnu
Thread model: posix
InstalledDir: /usr/bin
Found candidate GCC installation: /usr/bin/../lib/gcc/x86_64-linux-gnu/10
Found candidate GCC installation: /usr/bin/../lib/gcc/x86_64-linux-gnu/9
Found candidate GCC installation: /usr/lib/gcc/x86_64-linux-gnu/10
Found candidate GCC installation: /usr/lib/gcc/x86_64-linux-gnu/9
Selected GCC installation: /usr/bin/../lib/gcc/x86_64-linux-gnu/10
Candidate multilib: .;@m64
Selected multilib: .;@m64
Found CUDA installation: /usr/lib/cuda, version 11.0
 "/usr/bin/ld" -z relro --hash-style=gnu --build-id --eh-frame-hdr -m elf_x86_64 -dynamic-linker /lib64/ld-linux-x86-64.so.2 -o cmTC_ccad6 /usr/bin/../lib/gcc/x86_64-linux-gnu/10/../../../x86_64-linux-gnu/crt1.o /usr/bin/../lib/gcc/x86_64-linux-gnu/10/../../../x86_64-linux-gnu/crti.o /usr/bin/../lib/gcc/x86_64-linux-gnu/10/crtbegin.o -L/usr/bin/../lib/gcc/x86_64-linux-gnu/10 -L/usr/bin/../lib/gcc/x86_64-linux-gnu/10/../../../x86_64-linux-gnu -L/usr/bin/../lib/gcc/x86_64-linux-gnu/10/../../../../lib64 -L/lib/x86_64-linux-gnu -L/lib/../lib64 -L/usr/lib/x86_64-linux-gnu -L/usr/lib/../lib64 -L/usr/lib/x86_64-linux-gnu/../../lib64 -L/usr/bin/../lib/gcc/x86_64-linux-gnu/10/../../.. -L/usr/lib/llvm-11/bin/../lib -L/lib -L/usr/lib CMakeFiles/cmTC_ccad6.dir/CMakeCCompilerABI.c.o -lgcc --as-needed -lgcc_s --no-as-needed -lc -lgcc --as-needed -lgcc_s --no-as-needed /usr/bin/../lib/gcc/x86_64-linux-gnu/10/crtend.o /usr/bin/../lib/gcc/x86_64-linux-gnu/10/../../../x86_64-linux-gnu/crtn.o
gmake[1]: Leaving directory '/home/shou/coding/hsfuzz/corbfuzz_ext/cmake-build-debug/CMakeFiles/CMakeTmp'



Parsed C implicit include dir info from above output: rv=done
  found start of include info
  found start of implicit include info
    add: [/usr/local/include]
    add: [/usr/lib/llvm-11/lib/clang/11.0.0/include]
    add: [/usr/include/x86_64-linux-gnu]
    add: [/usr/include]
  end of search list found
  collapse include dir [/usr/local/include] ==> [/usr/local/include]
  collapse include dir [/usr/lib/llvm-11/lib/clang/11.0.0/include] ==> [/usr/lib/llvm-11/lib/clang/11.0.0/include]
  collapse include dir [/usr/include/x86_64-linux-gnu] ==> [/usr/include/x86_64-linux-gnu]
  collapse include dir [/usr/include] ==> [/usr/include]
  implicit include dirs: [/usr/local/include;/usr/lib/llvm-11/lib/clang/11.0.0/include;/usr/include/x86_64-linux-gnu;/usr/include]


Parsed C implicit link information from above output:
  link line regex: [^( *|.*[/\])(ld|CMAKE_LINK_STARTFILE-NOTFOUND|([^/\]+-)?ld|collect2)[^/\]*( |$)]
  ignore line: [Change Dir: /home/shou/coding/hsfuzz/corbfuzz_ext/cmake-build-debug/CMakeFiles/CMakeTmp]
  ignore line: []
  ignore line: [Run Build Command(s):/usr/bin/gmake cmTC_ccad6/fast && /usr/bin/gmake  -f CMakeFiles/cmTC_ccad6.dir/build.make CMakeFiles/cmTC_ccad6.dir/build]
  ignore line: [gmake[1]: Entering directory '/home/shou/coding/hsfuzz/corbfuzz_ext/cmake-build-debug/CMakeFiles/CMakeTmp']
  ignore line: [Building C object CMakeFiles/cmTC_ccad6.dir/CMakeCCompilerABI.c.o]
  ignore line: [/usr/bin/clang   -v -o CMakeFiles/cmTC_ccad6.dir/CMakeCCompilerABI.c.o   -c /snap/clion/145/bin/cmake/linux/share/cmake-3.17/Modules/CMakeCCompilerABI.c]
  ignore line: [Ubuntu clang version 11.0.0-2]
  ignore line: [Target: x86_64-pc-linux-gnu]
  ignore line: [Thread model: posix]
  ignore line: [InstalledDir: /usr/bin]
  ignore line: [Found candidate GCC installation: /usr/bin/../lib/gcc/x86_64-linux-gnu/10]
  ignore line: [Found candidate GCC installation: /usr/bin/../lib/gcc/x86_64-linux-gnu/9]
  ignore line: [Found candidate GCC installation: /usr/lib/gcc/x86_64-linux-gnu/10]
  ignore line: [Found candidate GCC installation: /usr/lib/gcc/x86_64-linux-gnu/9]
  ignore line: [Selected GCC installation: /usr/bin/../lib/gcc/x86_64-linux-gnu/10]
  ignore line: [Candidate multilib: .]
  ignore line: [@m64]
  ignore line: [Selected multilib: .]
  ignore line: [@m64]
  ignore line: [Found CUDA installation: /usr/lib/cuda  version 11.0]
  ignore line: [ (in-process)]
  ignore line: [ "/usr/lib/llvm-11/bin/clang" -cc1 -triple x86_64-pc-linux-gnu -emit-obj -mrelax-all -disable-free -disable-llvm-verifier -discard-value-names -main-file-name CMakeCCompilerABI.c -mrelocation-model static -mframe-pointer=all -fmath-errno -fno-rounding-math -mconstructor-aliases -munwind-tables -target-cpu x86-64 -fno-split-dwarf-inlining -debugger-tuning=gdb -v -resource-dir /usr/lib/llvm-11/lib/clang/11.0.0 -internal-isystem /usr/local/include -internal-isystem /usr/lib/llvm-11/lib/clang/11.0.0/include -internal-externc-isystem /usr/include/x86_64-linux-gnu -internal-externc-isystem /include -internal-externc-isystem /usr/include -fdebug-compilation-dir /home/shou/coding/hsfuzz/corbfuzz_ext/cmake-build-debug/CMakeFiles/CMakeTmp -ferror-limit 19 -fgnuc-version=4.2.1 -faddrsig -o CMakeFiles/cmTC_ccad6.dir/CMakeCCompilerABI.c.o -x c /snap/clion/145/bin/cmake/linux/share/cmake-3.17/Modules/CMakeCCompilerABI.c]
  ignore line: [clang -cc1 version 11.0.0 based upon LLVM 11.0.0 default target x86_64-pc-linux-gnu]
  ignore line: [ignoring nonexistent directory "/include"]
  ignore line: [#include "..." search starts here:]
  ignore line: [#include <...> search starts here:]
  ignore line: [ /usr/local/include]
  ignore line: [ /usr/lib/llvm-11/lib/clang/11.0.0/include]
  ignore line: [ /usr/include/x86_64-linux-gnu]
  ignore line: [ /usr/include]
  ignore line: [End of search list.]
  ignore line: [Linking C executable cmTC_ccad6]
  ignore line: [/snap/clion/145/bin/cmake/linux/bin/cmake -E cmake_link_script CMakeFiles/cmTC_ccad6.dir/link.txt --verbose=1]
  ignore line: [/usr/bin/clang     -v CMakeFiles/cmTC_ccad6.dir/CMakeCCompilerABI.c.o  -o cmTC_ccad6 ]
  ignore line: [Ubuntu clang version 11.0.0-2]
  ignore line: [Target: x86_64-pc-linux-gnu]
  ignore line: [Thread model: posix]
  ignore line: [InstalledDir: /usr/bin]
  ignore line: [Found candidate GCC installation: /usr/bin/../lib/gcc/x86_64-linux-gnu/10]
  ignore line: [Found candidate GCC installation: /usr/bin/../lib/gcc/x86_64-linux-gnu/9]
  ignore line: [Found candidate GCC installation: /usr/lib/gcc/x86_64-linux-gnu/10]
  ignore line: [Found candidate GCC installation: /usr/lib/gcc/x86_64-linux-gnu/9]
  ignore line: [Selected GCC installation: /usr/bin/../lib/gcc/x86_64-linux-gnu/10]
  ignore line: [Candidate multilib: .]
  ignore line: [@m64]
  ignore line: [Selected multilib: .]
  ignore line: [@m64]
  ignore line: [Found CUDA installation: /usr/lib/cuda  version 11.0]
  link line: [ "/usr/bin/ld" -z relro --hash-style=gnu --build-id --eh-frame-hdr -m elf_x86_64 -dynamic-linker /lib64/ld-linux-x86-64.so.2 -o cmTC_ccad6 /usr/bin/../lib/gcc/x86_64-linux-gnu/10/../../../x86_64-linux-gnu/crt1.o /usr/bin/../lib/gcc/x86_64-linux-gnu/10/../../../x86_64-linux-gnu/crti.o /usr/bin/../lib/gcc/x86_64-linux-gnu/10/crtbegin.o -L/usr/bin/../lib/gcc/x86_64-linux-gnu/10 -L/usr/bin/../lib/gcc/x86_64-linux-gnu/10/../../../x86_64-linux-gnu -L/usr/bin/../lib/gcc/x86_64-linux-gnu/10/../../../../lib64 -L/lib/x86_64-linux-gnu -L/lib/../lib64 -L/usr/lib/x86_64-linux-gnu -L/usr/lib/../lib64 -L/usr/lib/x86_64-linux-gnu/../../lib64 -L/usr/bin/../lib/gcc/x86_64-linux-gnu/10/../../.. -L/usr/lib/llvm-11/bin/../lib -L/lib -L/usr/lib CMakeFiles/cmTC_ccad6.dir/CMakeCCompilerABI.c.o -lgcc --as-needed -lgcc_s --no-as-needed -lc -lgcc --as-needed -lgcc_s --no-as-needed /usr/bin/../lib/gcc/x86_64-linux-gnu/10/crtend.o /usr/bin/../lib/gcc/x86_64-linux-gnu/10/../../../x86_64-linux-gnu/crtn.o]
    arg [/usr/bin/ld] ==> ignore
    arg [-zrelro] ==> ignore
    arg [--hash-style=gnu] ==> ignore
    arg [--build-id] ==> ignore
    arg [--eh-frame-hdr] ==> ignore
    arg [-m] ==> ignore
    arg [elf_x86_64] ==> ignore
    arg [-dynamic-linker] ==> ignore
    arg [/lib64/ld-linux-x86-64.so.2] ==> ignore
    arg [-o] ==> ignore
    arg [cmTC_ccad6] ==> ignore
    arg [/usr/bin/../lib/gcc/x86_64-linux-gnu/10/../../../x86_64-linux-gnu/crt1.o] ==> ignore
    arg [/usr/bin/../lib/gcc/x86_64-linux-gnu/10/../../../x86_64-linux-gnu/crti.o] ==> ignore
    arg [/usr/bin/../lib/gcc/x86_64-linux-gnu/10/crtbegin.o] ==> ignore
    arg [-L/usr/bin/../lib/gcc/x86_64-linux-gnu/10] ==> dir [/usr/bin/../lib/gcc/x86_64-linux-gnu/10]
    arg [-L/usr/bin/../lib/gcc/x86_64-linux-gnu/10/../../../x86_64-linux-gnu] ==> dir [/usr/bin/../lib/gcc/x86_64-linux-gnu/10/../../../x86_64-linux-gnu]
    arg [-L/usr/bin/../lib/gcc/x86_64-linux-gnu/10/../../../../lib64] ==> dir [/usr/bin/../lib/gcc/x86_64-linux-gnu/10/../../../../lib64]
    arg [-L/lib/x86_64-linux-gnu] ==> dir [/lib/x86_64-linux-gnu]
    arg [-L/lib/../lib64] ==> dir [/lib/../lib64]
    arg [-L/usr/lib/x86_64-linux-gnu] ==> dir [/usr/lib/x86_64-linux-gnu]
    arg [-L/usr/lib/../lib64] ==> dir [/usr/lib/../lib64]
    arg [-L/usr/lib/x86_64-linux-gnu/../../lib64] ==> dir [/usr/lib/x86_64-linux-gnu/../../lib64]
    arg [-L/usr/bin/../lib/gcc/x86_64-linux-gnu/10/../../..] ==> dir [/usr/bin/../lib/gcc/x86_64-linux-gnu/10/../../..]
    arg [-L/usr/lib/llvm-11/bin/../lib] ==> dir [/usr/lib/llvm-11/bin/../lib]
    arg [-L/lib] ==> dir [/lib]
    arg [-L/usr/lib] ==> dir [/usr/lib]
    arg [CMakeFiles/cmTC_ccad6.dir/CMakeCCompilerABI.c.o] ==> ignore
    arg [-lgcc] ==> lib [gcc]
    arg [--as-needed] ==> ignore
    arg [-lgcc_s] ==> lib [gcc_s]
    arg [--no-as-needed] ==> ignore
    arg [-lc] ==> lib [c]
    arg [-lgcc] ==> lib [gcc]
    arg [--as-needed] ==> ignore
    arg [-lgcc_s] ==> lib [gcc_s]
    arg [--no-as-needed] ==> ignore
    arg [/usr/bin/../lib/gcc/x86_64-linux-gnu/10/crtend.o] ==> ignore
    arg [/usr/bin/../lib/gcc/x86_64-linux-gnu/10/../../../x86_64-linux-gnu/crtn.o] ==> ignore
  collapse library dir [/usr/bin/../lib/gcc/x86_64-linux-gnu/10] ==> [/usr/lib/gcc/x86_64-linux-gnu/10]
  collapse library dir [/usr/bin/../lib/gcc/x86_64-linux-gnu/10/../../../x86_64-linux-gnu] ==> [/usr/lib/x86_64-linux-gnu]
  collapse library dir [/usr/bin/../lib/gcc/x86_64-linux-gnu/10/../../../../lib64] ==> [/usr/lib64]
  collapse library dir [/lib/x86_64-linux-gnu] ==> [/lib/x86_64-linux-gnu]
  collapse library dir [/lib/../lib64] ==> [/lib64]
  collapse library dir [/usr/lib/x86_64-linux-gnu] ==> [/usr/lib/x86_64-linux-gnu]
  collapse library dir [/usr/lib/../lib64] ==> [/usr/lib64]
  collapse library dir [/usr/lib/x86_64-linux-gnu/../../lib64] ==> [/usr/lib64]
  collapse library dir [/usr/bin/../lib/gcc/x86_64-linux-gnu/10/../../..] ==> [/usr/lib]
  collapse library dir [/usr/lib/llvm-11/bin/../lib] ==> [/usr/lib/llvm-11/lib]
  collapse library dir [/lib] ==> [/lib]
  collapse library dir [/usr/lib] ==> [/usr/lib]
  implicit libs: [gcc;gcc_s;c;gcc;gcc_s]
  implicit dirs: [/usr/lib/gcc/x86_64-linux-gnu/10;/usr/lib/x86_64-linux-gnu;/usr/lib64;/lib/x86_64-linux-gnu;/lib64;/usr/lib;/usr/lib/llvm-11/lib;/lib]
  implicit fwks: []


Determining if the CXX compiler works passed with the following output:
Change Dir: /home/shou/coding/hsfuzz/corbfuzz_ext/cmake-build-debug/CMakeFiles/CMakeTmp

Run Build Command(s):/usr/bin/gmake cmTC_4d580/fast && /usr/bin/gmake  -f CMakeFiles/cmTC_4d580.dir/build.make CMakeFiles/cmTC_4d580.dir/build
gmake[1]: Entering directory '/home/shou/coding/hsfuzz/corbfuzz_ext/cmake-build-debug/CMakeFiles/CMakeTmp'
Building CXX object CMakeFiles/cmTC_4d580.dir/testCXXCompiler.cxx.o
/usr/bin/clang++     -o CMakeFiles/cmTC_4d580.dir/testCXXCompiler.cxx.o -c /home/shou/coding/hsfuzz/corbfuzz_ext/cmake-build-debug/CMakeFiles/CMakeTmp/testCXXCompiler.cxx
Linking CXX executable cmTC_4d580
/snap/clion/145/bin/cmake/linux/bin/cmake -E cmake_link_script CMakeFiles/cmTC_4d580.dir/link.txt --verbose=1
/usr/bin/clang++       CMakeFiles/cmTC_4d580.dir/testCXXCompiler.cxx.o  -o cmTC_4d580 
gmake[1]: Leaving directory '/home/shou/coding/hsfuzz/corbfuzz_ext/cmake-build-debug/CMakeFiles/CMakeTmp'



Detecting CXX compiler ABI info compiled with the following output:
Change Dir: /home/shou/coding/hsfuzz/corbfuzz_ext/cmake-build-debug/CMakeFiles/CMakeTmp

Run Build Command(s):/usr/bin/gmake cmTC_3f2dc/fast && /usr/bin/gmake  -f CMakeFiles/cmTC_3f2dc.dir/build.make CMakeFiles/cmTC_3f2dc.dir/build
gmake[1]: Entering directory '/home/shou/coding/hsfuzz/corbfuzz_ext/cmake-build-debug/CMakeFiles/CMakeTmp'
Building CXX object CMakeFiles/cmTC_3f2dc.dir/CMakeCXXCompilerABI.cpp.o
/usr/bin/clang++    -v -o CMakeFiles/cmTC_3f2dc.dir/CMakeCXXCompilerABI.cpp.o -c /snap/clion/145/bin/cmake/linux/share/cmake-3.17/Modules/CMakeCXXCompilerABI.cpp
Ubuntu clang version 11.0.0-2
Target: x86_64-pc-linux-gnu
Thread model: posix
InstalledDir: /usr/bin
Found candidate GCC installation: /usr/bin/../lib/gcc/x86_64-linux-gnu/10
Found candidate GCC installation: /usr/bin/../lib/gcc/x86_64-linux-gnu/9
Found candidate GCC installation: /usr/lib/gcc/x86_64-linux-gnu/10
Found candidate GCC installation: /usr/lib/gcc/x86_64-linux-gnu/9
Selected GCC installation: /usr/bin/../lib/gcc/x86_64-linux-gnu/10
Candidate multilib: .;@m64
Selected multilib: .;@m64
Found CUDA installation: /usr/lib/cuda, version 11.0
 (in-process)
 "/usr/lib/llvm-11/bin/clang" -cc1 -triple x86_64-pc-linux-gnu -emit-obj -mrelax-all -disable-free -disable-llvm-verifier -discard-value-names -main-file-name CMakeCXXCompilerABI.cpp -mrelocation-model static -mframe-pointer=all -fmath-errno -fno-rounding-math -mconstructor-aliases -munwind-tables -target-cpu x86-64 -fno-split-dwarf-inlining -debugger-tuning=gdb -v -resource-dir /usr/lib/llvm-11/lib/clang/11.0.0 -internal-isystem /usr/bin/../lib/gcc/x86_64-linux-gnu/10/../../../../include/c++/10 -internal-isystem /usr/bin/../lib/gcc/x86_64-linux-gnu/10/../../../../include/x86_64-linux-gnu/c++/10 -internal-isystem /usr/bin/../lib/gcc/x86_64-linux-gnu/10/../../../../include/x86_64-linux-gnu/c++/10 -internal-isystem /usr/bin/../lib/gcc/x86_64-linux-gnu/10/../../../../include/c++/10/backward -internal-isystem /usr/local/include -internal-isystem /usr/lib/llvm-11/lib/clang/11.0.0/include -internal-externc-isystem /usr/include/x86_64-linux-gnu -internal-externc-isystem /include -internal-externc-isystem /usr/include -fdeprecated-macro -fdebug-compilation-dir /home/shou/coding/hsfuzz/corbfuzz_ext/cmake-build-debug/CMakeFiles/CMakeTmp -ferror-limit 19 -fgnuc-version=4.2.1 -fcxx-exceptions -fexceptions -faddrsig -o CMakeFiles/cmTC_3f2dc.dir/CMakeCXXCompilerABI.cpp.o -x c++ /snap/clion/145/bin/cmake/linux/share/cmake-3.17/Modules/CMakeCXXCompilerABI.cpp
clang -cc1 version 11.0.0 based upon LLVM 11.0.0 default target x86_64-pc-linux-gnu
ignoring nonexistent directory "/include"
ignoring duplicate directory "/usr/bin/../lib/gcc/x86_64-linux-gnu/10/../../../../include/x86_64-linux-gnu/c++/10"
#include "..." search starts here:
#include <...> search starts here:
 /usr/bin/../lib/gcc/x86_64-linux-gnu/10/../../../../include/c++/10
 /usr/bin/../lib/gcc/x86_64-linux-gnu/10/../../../../include/x86_64-linux-gnu/c++/10
 /usr/bin/../lib/gcc/x86_64-linux-gnu/10/../../../../include/c++/10/backward
 /usr/local/include
 /usr/lib/llvm-11/lib/clang/11.0.0/include
 /usr/include/x86_64-linux-gnu
 /usr/include
End of search list.
Linking CXX executable cmTC_3f2dc
/snap/clion/145/bin/cmake/linux/bin/cmake -E cmake_link_script CMakeFiles/cmTC_3f2dc.dir/link.txt --verbose=1
/usr/bin/clang++      -v CMakeFiles/cmTC_3f2dc.dir/CMakeCXXCompilerABI.cpp.o  -o cmTC_3f2dc 
Ubuntu clang version 11.0.0-2
Target: x86_64-pc-linux-gnu
Thread model: posix
InstalledDir: /usr/bin
Found candidate GCC installation: /usr/bin/../lib/gcc/x86_64-linux-gnu/10
Found candidate GCC installation: /usr/bin/../lib/gcc/x86_64-linux-gnu/9
Found candidate GCC installation: /usr/lib/gcc/x86_64-linux-gnu/10
Found candidate GCC installation: /usr/lib/gcc/x86_64-linux-gnu/9
Selected GCC installation: /usr/bin/../lib/gcc/x86_64-linux-gnu/10
Candidate multilib: .;@m64
Selected multilib: .;@m64
Found CUDA installation: /usr/lib/cuda, version 11.0
 "/usr/bin/ld" -z relro --hash-style=gnu --build-id --eh-frame-hdr -m elf_x86_64 -dynamic-linker /lib64/ld-linux-x86-64.so.2 -o cmTC_3f2dc /usr/bin/../lib/gcc/x86_64-linux-gnu/10/../../../x86_64-linux-gnu/crt1.o /usr/bin/../lib/gcc/x86_64-linux-gnu/10/../../../x86_64-linux-gnu/crti.o /usr/bin/../lib/gcc/x86_64-linux-gnu/10/crtbegin.o -L/usr/bin/../lib/gcc/x86_64-linux-gnu/10 -L/usr/bin/../lib/gcc/x86_64-linux-gnu/10/../../../x86_64-linux-gnu -L/usr/bin/../lib/gcc/x86_64-linux-gnu/10/../../../../lib64 -L/lib/x86_64-linux-gnu -L/lib/../lib64 -L/usr/lib/x86_64-linux-gnu -L/usr/lib/../lib64 -L/usr/lib/x86_64-linux-gnu/../../lib64 -L/usr/bin/../lib/gcc/x86_64-linux-gnu/10/../../.. -L/usr/lib/llvm-11/bin/../lib -L/lib -L/usr/lib CMakeFiles/cmTC_3f2dc.dir/CMakeCXXCompilerABI.cpp.o -lstdc++ -lm -lgcc_s -lgcc -lc -lgcc_s -lgcc /usr/bin/../lib/gcc/x86_64-linux-gnu/10/crtend.o /usr/bin/../lib/gcc/x86_64-linux-gnu/10/../../../x86_64-linux-gnu/crtn.o
gmake[1]: Leaving directory '/home/shou/coding/hsfuzz/corbfuzz_ext/cmake-build-debug/CMakeFiles/CMakeTmp'



Parsed CXX implicit include dir info from above output: rv=done
  found start of include info
  found start of implicit include info
    add: [/usr/bin/../lib/gcc/x86_64-linux-gnu/10/../../../../include/c++/10]
    add: [/usr/bin/../lib/gcc/x86_64-linux-gnu/10/../../../../include/x86_64-linux-gnu/c++/10]
    add: [/usr/bin/../lib/gcc/x86_64-linux-gnu/10/../../../../include/c++/10/backward]
    add: [/usr/local/include]
    add: [/usr/lib/llvm-11/lib/clang/11.0.0/include]
    add: [/usr/include/x86_64-linux-gnu]
    add: [/usr/include]
  end of search list found
  collapse include dir [/usr/bin/../lib/gcc/x86_64-linux-gnu/10/../../../../include/c++/10] ==> [/usr/include/c++/10]
  collapse include dir [/usr/bin/../lib/gcc/x86_64-linux-gnu/10/../../../../include/x86_64-linux-gnu/c++/10] ==> [/usr/include/x86_64-linux-gnu/c++/10]
  collapse include dir [/usr/bin/../lib/gcc/x86_64-linux-gnu/10/../../../../include/c++/10/backward] ==> [/usr/include/c++/10/backward]
  collapse include dir [/usr/local/include] ==> [/usr/local/include]
  collapse include dir [/usr/lib/llvm-11/lib/clang/11.0.0/include] ==> [/usr/lib/llvm-11/lib/clang/11.0.0/include]
  collapse include dir [/usr/include/x86_64-linux-gnu] ==> [/usr/include/x86_64-linux-gnu]
  collapse include dir [/usr/include] ==> [/usr/include]
  implicit include dirs: [/usr/include/c++/10;/usr/include/x86_64-linux-gnu/c++/10;/usr/include/c++/10/backward;/usr/local/include;/usr/lib/llvm-11/lib/clang/11.0.0/include;/usr/include/x86_64-linux-gnu;/usr/include]


Parsed CXX implicit link information from above output:
  link line regex: [^( *|.*[/\])(ld|CMAKE_LINK_STARTFILE-NOTFOUND|([^/\]+-)?ld|collect2)[^/\]*( |$)]
  ignore line: [Change Dir: /home/shou/coding/hsfuzz/corbfuzz_ext/cmake-build-debug/CMakeFiles/CMakeTmp]
  ignore line: []
  ignore line: [Run Build Command(s):/usr/bin/gmake cmTC_3f2dc/fast && /usr/bin/gmake  -f CMakeFiles/cmTC_3f2dc.dir/build.make CMakeFiles/cmTC_3f2dc.dir/build]
  ignore line: [gmake[1]: Entering directory '/home/shou/coding/hsfuzz/corbfuzz_ext/cmake-build-debug/CMakeFiles/CMakeTmp']
  ignore line: [Building CXX object CMakeFiles/cmTC_3f2dc.dir/CMakeCXXCompilerABI.cpp.o]
  ignore line: [/usr/bin/clang++    -v -o CMakeFiles/cmTC_3f2dc.dir/CMakeCXXCompilerABI.cpp.o -c /snap/clion/145/bin/cmake/linux/share/cmake-3.17/Modules/CMakeCXXCompilerABI.cpp]
  ignore line: [Ubuntu clang version 11.0.0-2]
  ignore line: [Target: x86_64-pc-linux-gnu]
  ignore line: [Thread model: posix]
  ignore line: [InstalledDir: /usr/bin]
  ignore line: [Found candidate GCC installation: /usr/bin/../lib/gcc/x86_64-linux-gnu/10]
  ignore line: [Found candidate GCC installation: /usr/bin/../lib/gcc/x86_64-linux-gnu/9]
  ignore line: [Found candidate GCC installation: /usr/lib/gcc/x86_64-linux-gnu/10]
  ignore line: [Found candidate GCC installation: /usr/lib/gcc/x86_64-linux-gnu/9]
  ignore line: [Selected GCC installation: /usr/bin/../lib/gcc/x86_64-linux-gnu/10]
  ignore line: [Candidate multilib: .]
  ignore line: [@m64]
  ignore line: [Selected multilib: .]
  ignore line: [@m64]
  ignore line: [Found CUDA installation: /usr/lib/cuda  version 11.0]
  ignore line: [ (in-process)]
  ignore line: [ "/usr/lib/llvm-11/bin/clang" -cc1 -triple x86_64-pc-linux-gnu -emit-obj -mrelax-all -disable-free -disable-llvm-verifier -discard-value-names -main-file-name CMakeCXXCompilerABI.cpp -mrelocation-model static -mframe-pointer=all -fmath-errno -fno-rounding-math -mconstructor-aliases -munwind-tables -target-cpu x86-64 -fno-split-dwarf-inlining -debugger-tuning=gdb -v -resource-dir /usr/lib/llvm-11/lib/clang/11.0.0 -internal-isystem /usr/bin/../lib/gcc/x86_64-linux-gnu/10/../../../../include/c++/10 -internal-isystem /usr/bin/../lib/gcc/x86_64-linux-gnu/10/../../../../include/x86_64-linux-gnu/c++/10 -internal-isystem /usr/bin/../lib/gcc/x86_64-linux-gnu/10/../../../../include/x86_64-linux-gnu/c++/10 -internal-isystem /usr/bin/../lib/gcc/x86_64-linux-gnu/10/../../../../include/c++/10/backward -internal-isystem /usr/local/include -internal-isystem /usr/lib/llvm-11/lib/clang/11.0.0/include -internal-externc-isystem /usr/include/x86_64-linux-gnu -internal-externc-isystem /include -internal-externc-isystem /usr/include -fdeprecated-macro -fdebug-compilation-dir /home/shou/coding/hsfuzz/corbfuzz_ext/cmake-build-debug/CMakeFiles/CMakeTmp -ferror-limit 19 -fgnuc-version=4.2.1 -fcxx-exceptions -fexceptions -faddrsig -o CMakeFiles/cmTC_3f2dc.dir/CMakeCXXCompilerABI.cpp.o -x c++ /snap/clion/145/bin/cmake/linux/share/cmake-3.17/Modules/CMakeCXXCompilerABI.cpp]
  ignore line: [clang -cc1 version 11.0.0 based upon LLVM 11.0.0 default target x86_64-pc-linux-gnu]
  ignore line: [ignoring nonexistent directory "/include"]
  ignore line: [ignoring duplicate directory "/usr/bin/../lib/gcc/x86_64-linux-gnu/10/../../../../include/x86_64-linux-gnu/c++/10"]
  ignore line: [#include "..." search starts here:]
  ignore line: [#include <...> search starts here:]
  ignore line: [ /usr/bin/../lib/gcc/x86_64-linux-gnu/10/../../../../include/c++/10]
  ignore line: [ /usr/bin/../lib/gcc/x86_64-linux-gnu/10/../../../../include/x86_64-linux-gnu/c++/10]
  ignore line: [ /usr/bin/../lib/gcc/x86_64-linux-gnu/10/../../../../include/c++/10/backward]
  ignore line: [ /usr/local/include]
  ignore line: [ /usr/lib/llvm-11/lib/clang/11.0.0/include]
  ignore line: [ /usr/include/x86_64-linux-gnu]
  ignore line: [ /usr/include]
  ignore line: [End of search list.]
  ignore line: [Linking CXX executable cmTC_3f2dc]
  ignore line: [/snap/clion/145/bin/cmake/linux/bin/cmake -E cmake_link_script CMakeFiles/cmTC_3f2dc.dir/link.txt --verbose=1]
  ignore line: [/usr/bin/clang++      -v CMakeFiles/cmTC_3f2dc.dir/CMakeCXXCompilerABI.cpp.o  -o cmTC_3f2dc ]
  ignore line: [Ubuntu clang version 11.0.0-2]
  ignore line: [Target: x86_64-pc-linux-gnu]
  ignore line: [Thread model: posix]
  ignore line: [InstalledDir: /usr/bin]
  ignore line: [Found candidate GCC installation: /usr/bin/../lib/gcc/x86_64-linux-gnu/10]
  ignore line: [Found candidate GCC installation: /usr/bin/../lib/gcc/x86_64-linux-gnu/9]
  ignore line: [Found candidate GCC installation: /usr/lib/gcc/x86_64-linux-gnu/10]
  ignore line: [Found candidate GCC installation: /usr/lib/gcc/x86_64-linux-gnu/9]
  ignore line: [Selected GCC installation: /usr/bin/../lib/gcc/x86_64-linux-gnu/10]
  ignore line: [Candidate multilib: .]
  ignore line: [@m64]
  ignore line: [Selected multilib: .]
  ignore line: [@m64]
  ignore line: [Found CUDA installation: /usr/lib/cuda  version 11.0]
  link line: [ "/usr/bin/ld" -z relro --hash-style=gnu --build-id --eh-frame-hdr -m elf_x86_64 -dynamic-linker /lib64/ld-linux-x86-64.so.2 -o cmTC_3f2dc /usr/bin/../lib/gcc/x86_64-linux-gnu/10/../../../x86_64-linux-gnu/crt1.o /usr/bin/../lib/gcc/x86_64-linux-gnu/10/../../../x86_64-linux-gnu/crti.o /usr/bin/../lib/gcc/x86_64-linux-gnu/10/crtbegin.o -L/usr/bin/../lib/gcc/x86_64-linux-gnu/10 -L/usr/bin/../lib/gcc/x86_64-linux-gnu/10/../../../x86_64-linux-gnu -L/usr/bin/../lib/gcc/x86_64-linux-gnu/10/../../../../lib64 -L/lib/x86_64-linux-gnu -L/lib/../lib64 -L/usr/lib/x86_64-linux-gnu -L/usr/lib/../lib64 -L/usr/lib/x86_64-linux-gnu/../../lib64 -L/usr/bin/../lib/gcc/x86_64-linux-gnu/10/../../.. -L/usr/lib/llvm-11/bin/../lib -L/lib -L/usr/lib CMakeFiles/cmTC_3f2dc.dir/CMakeCXXCompilerABI.cpp.o -lstdc++ -lm -lgcc_s -lgcc -lc -lgcc_s -lgcc /usr/bin/../lib/gcc/x86_64-linux-gnu/10/crtend.o /usr/bin/../lib/gcc/x86_64-linux-gnu/10/../../../x86_64-linux-gnu/crtn.o]
    arg [/usr/bin/ld] ==> ignore
    arg [-zrelro] ==> ignore
    arg [--hash-style=gnu] ==> ignore
    arg [--build-id] ==> ignore
    arg [--eh-frame-hdr] ==> ignore
    arg [-m] ==> ignore
    arg [elf_x86_64] ==> ignore
    arg [-dynamic-linker] ==> ignore
    arg [/lib64/ld-linux-x86-64.so.2] ==> ignore
    arg [-o] ==> ignore
    arg [cmTC_3f2dc] ==> ignore
    arg [/usr/bin/../lib/gcc/x86_64-linux-gnu/10/../../../x86_64-linux-gnu/crt1.o] ==> ignore
    arg [/usr/bin/../lib/gcc/x86_64-linux-gnu/10/../../../x86_64-linux-gnu/crti.o] ==> ignore
    arg [/usr/bin/../lib/gcc/x86_64-linux-gnu/10/crtbegin.o] ==> ignore
    arg [-L/usr/bin/../lib/gcc/x86_64-linux-gnu/10] ==> dir [/usr/bin/../lib/gcc/x86_64-linux-gnu/10]
    arg [-L/usr/bin/../lib/gcc/x86_64-linux-gnu/10/../../../x86_64-linux-gnu] ==> dir [/usr/bin/../lib/gcc/x86_64-linux-gnu/10/../../../x86_64-linux-gnu]
    arg [-L/usr/bin/../lib/gcc/x86_64-linux-gnu/10/../../../../lib64] ==> dir [/usr/bin/../lib/gcc/x86_64-linux-gnu/10/../../../../lib64]
    arg [-L/lib/x86_64-linux-gnu] ==> dir [/lib/x86_64-linux-gnu]
    arg [-L/lib/../lib64] ==> dir [/lib/../lib64]
    arg [-L/usr/lib/x86_64-linux-gnu] ==> dir [/usr/lib/x86_64-linux-gnu]
    arg [-L/usr/lib/../lib64] ==> dir [/usr/lib/../lib64]
    arg [-L/usr/lib/x86_64-linux-gnu/../../lib64] ==> dir [/usr/lib/x86_64-linux-gnu/../../lib64]
    arg [-L/usr/bin/../lib/gcc/x86_64-linux-gnu/10/../../..] ==> dir [/usr/bin/../lib/gcc/x86_64-linux-gnu/10/../../..]
    arg [-L/usr/lib/llvm-11/bin/../lib] ==> dir [/usr/lib/llvm-11/bin/../lib]
    arg [-L/lib] ==> dir [/lib]
    arg [-L/usr/lib] ==> dir [/usr/lib]
    arg [CMakeFiles/cmTC_3f2dc.dir/CMakeCXXCompilerABI.cpp.o] ==> ignore
    arg [-lstdc++] ==> lib [stdc++]
    arg [-lm] ==> lib [m]
    arg [-lgcc_s] ==> lib [gcc_s]
    arg [-lgcc] ==> lib [gcc]
    arg [-lc] ==> lib [c]
    arg [-lgcc_s] ==> lib [gcc_s]
    arg [-lgcc] ==> lib [gcc]
    arg [/usr/bin/../lib/gcc/x86_64-linux-gnu/10/crtend.o] ==> ignore
    arg [/usr/bin/../lib/gcc/x86_64-linux-gnu/10/../../../x86_64-linux-gnu/crtn.o] ==> ignore
  collapse library dir [/usr/bin/../lib/gcc/x86_64-linux-gnu/10] ==> [/usr/lib/gcc/x86_64-linux-gnu/10]
  collapse library dir [/usr/bin/../lib/gcc/x86_64-linux-gnu/10/../../../x86_64-linux-gnu] ==> [/usr/lib/x86_64-linux-gnu]
  collapse library dir [/usr/bin/../lib/gcc/x86_64-linux-gnu/10/../../../../lib64] ==> [/usr/lib64]
  collapse library dir [/lib/x86_64-linux-gnu] ==> [/lib/x86_64-linux-gnu]
  collapse library dir [/lib/../lib64] ==> [/lib64]
  collapse library dir [/usr/lib/x86_64-linux-gnu] ==> [/usr/lib/x86_64-linux-gnu]
  collapse library dir [/usr/lib/../lib64] ==> [/usr/lib64]
  collapse library dir [/usr/lib/x86_64-linux-gnu/../../lib64] ==> [/usr/lib64]
  collapse library dir [/usr/bin/../lib/gcc/x86_64-linux-gnu/10/../../..] ==> [/usr/lib]
  collapse library dir [/usr/lib/llvm-11/bin/../lib] ==> [/usr/lib/llvm-11/lib]
  collapse library dir [/lib] ==> [/lib]
  collapse library dir [/usr/lib] ==> [/usr/lib]
  implicit libs: [stdc++;m;gcc_s;gcc;c;gcc_s;gcc]
  implicit dirs: [/usr/lib/gcc/x86_64-linux-gnu/10;/usr/lib/x86_64-linux-gnu;/usr/lib64;/lib/x86_64-linux-gnu;/lib64;/usr/lib;/usr/lib/llvm-11/lib;/lib]
  implicit fwks: []


The system is: Linux - 5.8.0-48-generic - x86_64
Compiling the C compiler identification source file "CMakeCCompilerId.c" succeeded.
Compiler: /usr/bin/clang 
Build flags: 
Id flags:  

The output was:
0


Compilation of the C compiler identification source "CMakeCCompilerId.c" produced "a.out"

The C compiler identification is Clang, found in "/home/shou/coding/hsfuzz/corbfuzz_ext/cmake-build-debug/CMakeFiles/3.19.2/CompilerIdC/a.out"

Compiling the CXX compiler identification source file "CMakeCXXCompilerId.cpp" succeeded.
Compiler: /usr/bin/clang++ 
Build flags: 
Id flags:  

The output was:
0


Compilation of the CXX compiler identification source "CMakeCXXCompilerId.cpp" produced "a.out"

The CXX compiler identification is Clang, found in "/home/shou/coding/hsfuzz/corbfuzz_ext/cmake-build-debug/CMakeFiles/3.19.2/CompilerIdCXX/a.out"

Detecting C compiler ABI info compiled with the following output:
Change Dir: /home/shou/coding/hsfuzz/corbfuzz_ext/cmake-build-debug/CMakeFiles/CMakeTmp

Run Build Command(s):/usr/bin/gmake cmTC_21d3a/fast && /usr/bin/gmake  -f CMakeFiles/cmTC_21d3a.dir/build.make CMakeFiles/cmTC_21d3a.dir/build
gmake[1]: Entering directory '/home/shou/coding/hsfuzz/corbfuzz_ext/cmake-build-debug/CMakeFiles/CMakeTmp'
Building C object CMakeFiles/cmTC_21d3a.dir/CMakeCCompilerABI.c.o
/usr/bin/clang   -v -o CMakeFiles/cmTC_21d3a.dir/CMakeCCompilerABI.c.o -c /snap/clion/149/bin/cmake/linux/share/cmake-3.19/Modules/CMakeCCompilerABI.c
Ubuntu clang version 11.0.0-2
Target: x86_64-pc-linux-gnu
Thread model: posix
InstalledDir: /usr/bin
Found candidate GCC installation: /usr/bin/../lib/gcc/x86_64-linux-gnu/10
Found candidate GCC installation: /usr/bin/../lib/gcc/x86_64-linux-gnu/9
Found candidate GCC installation: /usr/lib/gcc/x86_64-linux-gnu/10
Found candidate GCC installation: /usr/lib/gcc/x86_64-linux-gnu/9
Selected GCC installation: /usr/bin/../lib/gcc/x86_64-linux-gnu/10
Candidate multilib: .;@m64
Selected multilib: .;@m64
Found CUDA installation: /usr/lib/cuda, version 11.0
 (in-process)
 "/usr/lib/llvm-11/bin/clang" -cc1 -triple x86_64-pc-linux-gnu -emit-obj -mrelax-all -disable-free -disable-llvm-verifier -discard-value-names -main-file-name CMakeCCompilerABI.c -mrelocation-model static -mframe-pointer=all -fmath-errno -fno-rounding-math -mconstructor-aliases -munwind-tables -target-cpu x86-64 -fno-split-dwarf-inlining -debugger-tuning=gdb -v -resource-dir /usr/lib/llvm-11/lib/clang/11.0.0 -internal-isystem /usr/local/include -internal-isystem /usr/lib/llvm-11/lib/clang/11.0.0/include -internal-externc-isystem /usr/include/x86_64-linux-gnu -internal-externc-isystem /include -internal-externc-isystem /usr/include -fdebug-compilation-dir /home/shou/coding/hsfuzz/corbfuzz_ext/cmake-build-debug/CMakeFiles/CMakeTmp -ferror-limit 19 -fgnuc-version=4.2.1 -faddrsig -o CMakeFiles/cmTC_21d3a.dir/CMakeCCompilerABI.c.o -x c /snap/clion/149/bin/cmake/linux/share/cmake-3.19/Modules/CMakeCCompilerABI.c
clang -cc1 version 11.0.0 based upon LLVM 11.0.0 default target x86_64-pc-linux-gnu
ignoring nonexistent directory "/include"
#include "..." search starts here:
#include <...> search starts here:
 /usr/local/include
 /usr/lib/llvm-11/lib/clang/11.0.0/include
 /usr/include/x86_64-linux-gnu
 /usr/include
End of search list.
Linking C executable cmTC_21d3a
/snap/clion/149/bin/cmake/linux/bin/cmake -E cmake_link_script CMakeFiles/cmTC_21d3a.dir/link.txt --verbose=1
/usr/bin/clang  -v CMakeFiles/cmTC_21d3a.dir/CMakeCCompilerABI.c.o -o cmTC_21d3a 
Ubuntu clang version 11.0.0-2
Target: x86_64-pc-linux-gnu
Thread model: posix
InstalledDir: /usr/bin
Found candidate GCC installation: /usr/bin/../lib/gcc/x86_64-linux-gnu/10
Found candidate GCC installation: /usr/bin/../lib/gcc/x86_64-linux-gnu/9
Found candidate GCC installation: /usr/lib/gcc/x86_64-linux-gnu/10
Found candidate GCC installation: /usr/lib/gcc/x86_64-linux-gnu/9
Selected GCC installation: /usr/bin/../lib/gcc/x86_64-linux-gnu/10
Candidate multilib: .;@m64
Selected multilib: .;@m64
Found CUDA installation: /usr/lib/cuda, version 11.0
 "/usr/bin/ld" -z relro --hash-style=gnu --build-id --eh-frame-hdr -m elf_x86_64 -dynamic-linker /lib64/ld-linux-x86-64.so.2 -o cmTC_21d3a /usr/bin/../lib/gcc/x86_64-linux-gnu/10/../../../x86_64-linux-gnu/crt1.o /usr/bin/../lib/gcc/x86_64-linux-gnu/10/../../../x86_64-linux-gnu/crti.o /usr/bin/../lib/gcc/x86_64-linux-gnu/10/crtbegin.o -L/usr/bin/../lib/gcc/x86_64-linux-gnu/10 -L/usr/bin/../lib/gcc/x86_64-linux-gnu/10/../../../x86_64-linux-gnu -L/usr/bin/../lib/gcc/x86_64-linux-gnu/10/../../../../lib64 -L/lib/x86_64-linux-gnu -L/lib/../lib64 -L/usr/lib/x86_64-linux-gnu -L/usr/lib/../lib64 -L/usr/lib/x86_64-linux-gnu/../../lib64 -L/usr/bin/../lib/gcc/x86_64-linux-gnu/10/../../.. -L/usr/lib/llvm-11/bin/../lib -L/lib -L/usr/lib CMakeFiles/cmTC_21d3a.dir/CMakeCCompilerABI.c.o -lgcc --as-needed -lgcc_s --no-as-needed -lc -lgcc --as-needed -lgcc_s --no-as-needed /usr/bin/../lib/gcc/x86_64-linux-gnu/10/crtend.o /usr/bin/../lib/gcc/x86_64-linux-gnu/10/../../../x86_64-linux-gnu/crtn.o
gmake[1]: Leaving directory '/home/shou/coding/hsfuzz/corbfuzz_ext/cmake-build-debug/CMakeFiles/CMakeTmp'



Parsed C implicit include dir info from above output: rv=done
  found start of include info
  found start of implicit include info
    add: [/usr/local/include]
    add: [/usr/lib/llvm-11/lib/clang/11.0.0/include]
    add: [/usr/include/x86_64-linux-gnu]
    add: [/usr/include]
  end of search list found
  collapse include dir [/usr/local/include] ==> [/usr/local/include]
  collapse include dir [/usr/lib/llvm-11/lib/clang/11.0.0/include] ==> [/usr/lib/llvm-11/lib/clang/11.0.0/include]
  collapse include dir [/usr/include/x86_64-linux-gnu] ==> [/usr/include/x86_64-linux-gnu]
  collapse include dir [/usr/include] ==> [/usr/include]
  implicit include dirs: [/usr/local/include;/usr/lib/llvm-11/lib/clang/11.0.0/include;/usr/include/x86_64-linux-gnu;/usr/include]


Parsed C implicit link information from above output:
  link line regex: [^( *|.*[/\])(ld|CMAKE_LINK_STARTFILE-NOTFOUND|([^/\]+-)?ld|collect2)[^/\]*( |$)]
  ignore line: [Change Dir: /home/shou/coding/hsfuzz/corbfuzz_ext/cmake-build-debug/CMakeFiles/CMakeTmp]
  ignore line: []
  ignore line: [Run Build Command(s):/usr/bin/gmake cmTC_21d3a/fast && /usr/bin/gmake  -f CMakeFiles/cmTC_21d3a.dir/build.make CMakeFiles/cmTC_21d3a.dir/build]
  ignore line: [gmake[1]: Entering directory '/home/shou/coding/hsfuzz/corbfuzz_ext/cmake-build-debug/CMakeFiles/CMakeTmp']
  ignore line: [Building C object CMakeFiles/cmTC_21d3a.dir/CMakeCCompilerABI.c.o]
  ignore line: [/usr/bin/clang   -v -o CMakeFiles/cmTC_21d3a.dir/CMakeCCompilerABI.c.o -c /snap/clion/149/bin/cmake/linux/share/cmake-3.19/Modules/CMakeCCompilerABI.c]
  ignore line: [Ubuntu clang version 11.0.0-2]
  ignore line: [Target: x86_64-pc-linux-gnu]
  ignore line: [Thread model: posix]
  ignore line: [InstalledDir: /usr/bin]
  ignore line: [Found candidate GCC installation: /usr/bin/../lib/gcc/x86_64-linux-gnu/10]
  ignore line: [Found candidate GCC installation: /usr/bin/../lib/gcc/x86_64-linux-gnu/9]
  ignore line: [Found candidate GCC installation: /usr/lib/gcc/x86_64-linux-gnu/10]
  ignore line: [Found candidate GCC installation: /usr/lib/gcc/x86_64-linux-gnu/9]
  ignore line: [Selected GCC installation: /usr/bin/../lib/gcc/x86_64-linux-gnu/10]
  ignore line: [Candidate multilib: .]
  ignore line: [@m64]
  ignore line: [Selected multilib: .]
  ignore line: [@m64]
  ignore line: [Found CUDA installation: /usr/lib/cuda  version 11.0]
  ignore line: [ (in-process)]
  ignore line: [ "/usr/lib/llvm-11/bin/clang" -cc1 -triple x86_64-pc-linux-gnu -emit-obj -mrelax-all -disable-free -disable-llvm-verifier -discard-value-names -main-file-name CMakeCCompilerABI.c -mrelocation-model static -mframe-pointer=all -fmath-errno -fno-rounding-math -mconstructor-aliases -munwind-tables -target-cpu x86-64 -fno-split-dwarf-inlining -debugger-tuning=gdb -v -resource-dir /usr/lib/llvm-11/lib/clang/11.0.0 -internal-isystem /usr/local/include -internal-isystem /usr/lib/llvm-11/lib/clang/11.0.0/include -internal-externc-isystem /usr/include/x86_64-linux-gnu -internal-externc-isystem /include -internal-externc-isystem /usr/include -fdebug-compilation-dir /home/shou/coding/hsfuzz/corbfuzz_ext/cmake-build-debug/CMakeFiles/CMakeTmp -ferror-limit 19 -fgnuc-version=4.2.1 -faddrsig -o CMakeFiles/cmTC_21d3a.dir/CMakeCCompilerABI.c.o -x c /snap/clion/149/bin/cmake/linux/share/cmake-3.19/Modules/CMakeCCompilerABI.c]
  ignore line: [clang -cc1 version 11.0.0 based upon LLVM 11.0.0 default target x86_64-pc-linux-gnu]
  ignore line: [ignoring nonexistent directory "/include"]
  ignore line: [#include "..." search starts here:]
  ignore line: [#include <...> search starts here:]
  ignore line: [ /usr/local/include]
  ignore line: [ /usr/lib/llvm-11/lib/clang/11.0.0/include]
  ignore line: [ /usr/include/x86_64-linux-gnu]
  ignore line: [ /usr/include]
  ignore line: [End of search list.]
  ignore line: [Linking C executable cmTC_21d3a]
  ignore line: [/snap/clion/149/bin/cmake/linux/bin/cmake -E cmake_link_script CMakeFiles/cmTC_21d3a.dir/link.txt --verbose=1]
  ignore line: [/usr/bin/clang  -v CMakeFiles/cmTC_21d3a.dir/CMakeCCompilerABI.c.o -o cmTC_21d3a ]
  ignore line: [Ubuntu clang version 11.0.0-2]
  ignore line: [Target: x86_64-pc-linux-gnu]
  ignore line: [Thread model: posix]
  ignore line: [InstalledDir: /usr/bin]
  ignore line: [Found candidate GCC installation: /usr/bin/../lib/gcc/x86_64-linux-gnu/10]
  ignore line: [Found candidate GCC installation: /usr/bin/../lib/gcc/x86_64-linux-gnu/9]
  ignore line: [Found candidate GCC installation: /usr/lib/gcc/x86_64-linux-gnu/10]
  ignore line: [Found candidate GCC installation: /usr/lib/gcc/x86_64-linux-gnu/9]
  ignore line: [Selected GCC installation: /usr/bin/../lib/gcc/x86_64-linux-gnu/10]
  ignore line: [Candidate multilib: .]
  ignore line: [@m64]
  ignore line: [Selected multilib: .]
  ignore line: [@m64]
  ignore line: [Found CUDA installation: /usr/lib/cuda  version 11.0]
  link line: [ "/usr/bin/ld" -z relro --hash-style=gnu --build-id --eh-frame-hdr -m elf_x86_64 -dynamic-linker /lib64/ld-linux-x86-64.so.2 -o cmTC_21d3a /usr/bin/../lib/gcc/x86_64-linux-gnu/10/../../../x86_64-linux-gnu/crt1.o /usr/bin/../lib/gcc/x86_64-linux-gnu/10/../../../x86_64-linux-gnu/crti.o /usr/bin/../lib/gcc/x86_64-linux-gnu/10/crtbegin.o -L/usr/bin/../lib/gcc/x86_64-linux-gnu/10 -L/usr/bin/../lib/gcc/x86_64-linux-gnu/10/../../../x86_64-linux-gnu -L/usr/bin/../lib/gcc/x86_64-linux-gnu/10/../../../../lib64 -L/lib/x86_64-linux-gnu -L/lib/../lib64 -L/usr/lib/x86_64-linux-gnu -L/usr/lib/../lib64 -L/usr/lib/x86_64-linux-gnu/../../lib64 -L/usr/bin/../lib/gcc/x86_64-linux-gnu/10/../../.. -L/usr/lib/llvm-11/bin/../lib -L/lib -L/usr/lib CMakeFiles/cmTC_21d3a.dir/CMakeCCompilerABI.c.o -lgcc --as-needed -lgcc_s --no-as-needed -lc -lgcc --as-needed -lgcc_s --no-as-needed /usr/bin/../lib/gcc/x86_64-linux-gnu/10/crtend.o /usr/bin/../lib/gcc/x86_64-linux-gnu/10/../../../x86_64-linux-gnu/crtn.o]
    arg [/usr/bin/ld] ==> ignore
    arg [-zrelro] ==> ignore
    arg [--hash-style=gnu] ==> ignore
    arg [--build-id] ==> ignore
    arg [--eh-frame-hdr] ==> ignore
    arg [-m] ==> ignore
    arg [elf_x86_64] ==> ignore
    arg [-dynamic-linker] ==> ignore
    arg [/lib64/ld-linux-x86-64.so.2] ==> ignore
    arg [-o] ==> ignore
    arg [cmTC_21d3a] ==> ignore
    arg [/usr/bin/../lib/gcc/x86_64-linux-gnu/10/../../../x86_64-linux-gnu/crt1.o] ==> ignore
    arg [/usr/bin/../lib/gcc/x86_64-linux-gnu/10/../../../x86_64-linux-gnu/crti.o] ==> ignore
    arg [/usr/bin/../lib/gcc/x86_64-linux-gnu/10/crtbegin.o] ==> ignore
    arg [-L/usr/bin/../lib/gcc/x86_64-linux-gnu/10] ==> dir [/usr/bin/../lib/gcc/x86_64-linux-gnu/10]
    arg [-L/usr/bin/../lib/gcc/x86_64-linux-gnu/10/../../../x86_64-linux-gnu] ==> dir [/usr/bin/../lib/gcc/x86_64-linux-gnu/10/../../../x86_64-linux-gnu]
    arg [-L/usr/bin/../lib/gcc/x86_64-linux-gnu/10/../../../../lib64] ==> dir [/usr/bin/../lib/gcc/x86_64-linux-gnu/10/../../../../lib64]
    arg [-L/lib/x86_64-linux-gnu] ==> dir [/lib/x86_64-linux-gnu]
    arg [-L/lib/../lib64] ==> dir [/lib/../lib64]
    arg [-L/usr/lib/x86_64-linux-gnu] ==> dir [/usr/lib/x86_64-linux-gnu]
    arg [-L/usr/lib/../lib64] ==> dir [/usr/lib/../lib64]
    arg [-L/usr/lib/x86_64-linux-gnu/../../lib64] ==> dir [/usr/lib/x86_64-linux-gnu/../../lib64]
    arg [-L/usr/bin/../lib/gcc/x86_64-linux-gnu/10/../../..] ==> dir [/usr/bin/../lib/gcc/x86_64-linux-gnu/10/../../..]
    arg [-L/usr/lib/llvm-11/bin/../lib] ==> dir [/usr/lib/llvm-11/bin/../lib]
    arg [-L/lib] ==> dir [/lib]
    arg [-L/usr/lib] ==> dir [/usr/lib]
    arg [CMakeFiles/cmTC_21d3a.dir/CMakeCCompilerABI.c.o] ==> ignore
    arg [-lgcc] ==> lib [gcc]
    arg [--as-needed] ==> ignore
    arg [-lgcc_s] ==> lib [gcc_s]
    arg [--no-as-needed] ==> ignore
    arg [-lc] ==> lib [c]
    arg [-lgcc] ==> lib [gcc]
    arg [--as-needed] ==> ignore
    arg [-lgcc_s] ==> lib [gcc_s]
    arg [--no-as-needed] ==> ignore
    arg [/usr/bin/../lib/gcc/x86_64-linux-gnu/10/crtend.o] ==> ignore
    arg [/usr/bin/../lib/gcc/x86_64-linux-gnu/10/../../../x86_64-linux-gnu/crtn.o] ==> ignore
  collapse library dir [/usr/bin/../lib/gcc/x86_64-linux-gnu/10] ==> [/usr/lib/gcc/x86_64-linux-gnu/10]
  collapse library dir [/usr/bin/../lib/gcc/x86_64-linux-gnu/10/../../../x86_64-linux-gnu] ==> [/usr/lib/x86_64-linux-gnu]
  collapse library dir [/usr/bin/../lib/gcc/x86_64-linux-gnu/10/../../../../lib64] ==> [/usr/lib64]
  collapse library dir [/lib/x86_64-linux-gnu] ==> [/lib/x86_64-linux-gnu]
  collapse library dir [/lib/../lib64] ==> [/lib64]
  collapse library dir [/usr/lib/x86_64-linux-gnu] ==> [/usr/lib/x86_64-linux-gnu]
  collapse library dir [/usr/lib/../lib64] ==> [/usr/lib64]
  collapse library dir [/usr/lib/x86_64-linux-gnu/../../lib64] ==> [/usr/lib64]
  collapse library dir [/usr/bin/../lib/gcc/x86_64-linux-gnu/10/../../..] ==> [/usr/lib]
  collapse library dir [/usr/lib/llvm-11/bin/../lib] ==> [/usr/lib/llvm-11/lib]
  collapse library dir [/lib] ==> [/lib]
  collapse library dir [/usr/lib] ==> [/usr/lib]
  implicit libs: [gcc;gcc_s;c;gcc;gcc_s]
  implicit dirs: [/usr/lib/gcc/x86_64-linux-gnu/10;/usr/lib/x86_64-linux-gnu;/usr/lib64;/lib/x86_64-linux-gnu;/lib64;/usr/lib;/usr/lib/llvm-11/lib;/lib]
  implicit fwks: []


Detecting CXX compiler ABI info compiled with the following output:
Change Dir: /home/shou/coding/hsfuzz/corbfuzz_ext/cmake-build-debug/CMakeFiles/CMakeTmp

Run Build Command(s):/usr/bin/gmake cmTC_e197d/fast && /usr/bin/gmake  -f CMakeFiles/cmTC_e197d.dir/build.make CMakeFiles/cmTC_e197d.dir/build
gmake[1]: Entering directory '/home/shou/coding/hsfuzz/corbfuzz_ext/cmake-build-debug/CMakeFiles/CMakeTmp'
Building CXX object CMakeFiles/cmTC_e197d.dir/CMakeCXXCompilerABI.cpp.o
/usr/bin/clang++   -v -o CMakeFiles/cmTC_e197d.dir/CMakeCXXCompilerABI.cpp.o -c /snap/clion/149/bin/cmake/linux/share/cmake-3.19/Modules/CMakeCXXCompilerABI.cpp
Ubuntu clang version 11.0.0-2
Target: x86_64-pc-linux-gnu
Thread model: posix
InstalledDir: /usr/bin
Found candidate GCC installation: /usr/bin/../lib/gcc/x86_64-linux-gnu/10
Found candidate GCC installation: /usr/bin/../lib/gcc/x86_64-linux-gnu/9
Found candidate GCC installation: /usr/lib/gcc/x86_64-linux-gnu/10
Found candidate GCC installation: /usr/lib/gcc/x86_64-linux-gnu/9
Selected GCC installation: /usr/bin/../lib/gcc/x86_64-linux-gnu/10
Candidate multilib: .;@m64
Selected multilib: .;@m64
Found CUDA installation: /usr/lib/cuda, version 11.0
 (in-process)
 "/usr/lib/llvm-11/bin/clang" -cc1 -triple x86_64-pc-linux-gnu -emit-obj -mrelax-all -disable-free -disable-llvm-verifier -discard-value-names -main-file-name CMakeCXXCompilerABI.cpp -mrelocation-model static -mframe-pointer=all -fmath-errno -fno-rounding-math -mconstructor-aliases -munwind-tables -target-cpu x86-64 -fno-split-dwarf-inlining -debugger-tuning=gdb -v -resource-dir /usr/lib/llvm-11/lib/clang/11.0.0 -internal-isystem /usr/bin/../lib/gcc/x86_64-linux-gnu/10/../../../../include/c++/10 -internal-isystem /usr/bin/../lib/gcc/x86_64-linux-gnu/10/../../../../include/x86_64-linux-gnu/c++/10 -internal-isystem /usr/bin/../lib/gcc/x86_64-linux-gnu/10/../../../../include/x86_64-linux-gnu/c++/10 -internal-isystem /usr/bin/../lib/gcc/x86_64-linux-gnu/10/../../../../include/c++/10/backward -internal-isystem /usr/local/include -internal-isystem /usr/lib/llvm-11/lib/clang/11.0.0/include -internal-externc-isystem /usr/include/x86_64-linux-gnu -internal-externc-isystem /include -internal-externc-isystem /usr/include -fdeprecated-macro -fdebug-compilation-dir /home/shou/coding/hsfuzz/corbfuzz_ext/cmake-build-debug/CMakeFiles/CMakeTmp -ferror-limit 19 -fgnuc-version=4.2.1 -fcxx-exceptions -fexceptions -faddrsig -o CMakeFiles/cmTC_e197d.dir/CMakeCXXCompilerABI.cpp.o -x c++ /snap/clion/149/bin/cmake/linux/share/cmake-3.19/Modules/CMakeCXXCompilerABI.cpp
clang -cc1 version 11.0.0 based upon LLVM 11.0.0 default target x86_64-pc-linux-gnu
ignoring nonexistent directory "/include"
ignoring duplicate directory "/usr/bin/../lib/gcc/x86_64-linux-gnu/10/../../../../include/x86_64-linux-gnu/c++/10"
#include "..." search starts here:
#include <...> search starts here:
 /usr/bin/../lib/gcc/x86_64-linux-gnu/10/../../../../include/c++/10
 /usr/bin/../lib/gcc/x86_64-linux-gnu/10/../../../../include/x86_64-linux-gnu/c++/10
 /usr/bin/../lib/gcc/x86_64-linux-gnu/10/../../../../include/c++/10/backward
 /usr/local/include
 /usr/lib/llvm-11/lib/clang/11.0.0/include
 /usr/include/x86_64-linux-gnu
 /usr/include
End of search list.
Linking CXX executable cmTC_e197d
/snap/clion/149/bin/cmake/linux/bin/cmake -E cmake_link_script CMakeFiles/cmTC_e197d.dir/link.txt --verbose=1
/usr/bin/clang++  -v CMakeFiles/cmTC_e197d.dir/CMakeCXXCompilerABI.cpp.o -o cmTC_e197d 
Ubuntu clang version 11.0.0-2
Target: x86_64-pc-linux-gnu
Thread model: posix
InstalledDir: /usr/bin
Found candidate GCC installation: /usr/bin/../lib/gcc/x86_64-linux-gnu/10
Found candidate GCC installation: /usr/bin/../lib/gcc/x86_64-linux-gnu/9
Found candidate GCC installation: /usr/lib/gcc/x86_64-linux-gnu/10
Found candidate GCC installation: /usr/lib/gcc/x86_64-linux-gnu/9
Selected GCC installation: /usr/bin/../lib/gcc/x86_64-linux-gnu/10
Candidate multilib: .;@m64
Selected multilib: .;@m64
Found CUDA installation: /usr/lib/cuda, version 11.0
 "/usr/bin/ld" -z relro --hash-style=gnu --build-id --eh-frame-hdr -m elf_x86_64 -dynamic-linker /lib64/ld-linux-x86-64.so.2 -o cmTC_e197d /usr/bin/../lib/gcc/x86_64-linux-gnu/10/../../../x86_64-linux-gnu/crt1.o /usr/bin/../lib/gcc/x86_64-linux-gnu/10/../../../x86_64-linux-gnu/crti.o /usr/bin/../lib/gcc/x86_64-linux-gnu/10/crtbegin.o -L/usr/bin/../lib/gcc/x86_64-linux-gnu/10 -L/usr/bin/../lib/gcc/x86_64-linux-gnu/10/../../../x86_64-linux-gnu -L/usr/bin/../lib/gcc/x86_64-linux-gnu/10/../../../../lib64 -L/lib/x86_64-linux-gnu -L/lib/../lib64 -L/usr/lib/x86_64-linux-gnu -L/usr/lib/../lib64 -L/usr/lib/x86_64-linux-gnu/../../lib64 -L/usr/bin/../lib/gcc/x86_64-linux-gnu/10/../../.. -L/usr/lib/llvm-11/bin/../lib -L/lib -L/usr/lib CMakeFiles/cmTC_e197d.dir/CMakeCXXCompilerABI.cpp.o -lstdc++ -lm -lgcc_s -lgcc -lc -lgcc_s -lgcc /usr/bin/../lib/gcc/x86_64-linux-gnu/10/crtend.o /usr/bin/../lib/gcc/x86_64-linux-gnu/10/../../../x86_64-linux-gnu/crtn.o
gmake[1]: Leaving directory '/home/shou/coding/hsfuzz/corbfuzz_ext/cmake-build-debug/CMakeFiles/CMakeTmp'



Parsed CXX implicit include dir info from above output: rv=done
  found start of include info
  found start of implicit include info
    add: [/usr/bin/../lib/gcc/x86_64-linux-gnu/10/../../../../include/c++/10]
    add: [/usr/bin/../lib/gcc/x86_64-linux-gnu/10/../../../../include/x86_64-linux-gnu/c++/10]
    add: [/usr/bin/../lib/gcc/x86_64-linux-gnu/10/../../../../include/c++/10/backward]
    add: [/usr/local/include]
    add: [/usr/lib/llvm-11/lib/clang/11.0.0/include]
    add: [/usr/include/x86_64-linux-gnu]
    add: [/usr/include]
  end of search list found
  collapse include dir [/usr/bin/../lib/gcc/x86_64-linux-gnu/10/../../../../include/c++/10] ==> [/usr/include/c++/10]
  collapse include dir [/usr/bin/../lib/gcc/x86_64-linux-gnu/10/../../../../include/x86_64-linux-gnu/c++/10] ==> [/usr/include/x86_64-linux-gnu/c++/10]
  collapse include dir [/usr/bin/../lib/gcc/x86_64-linux-gnu/10/../../../../include/c++/10/backward] ==> [/usr/include/c++/10/backward]
  collapse include dir [/usr/local/include] ==> [/usr/local/include]
  collapse include dir [/usr/lib/llvm-11/lib/clang/11.0.0/include] ==> [/usr/lib/llvm-11/lib/clang/11.0.0/include]
  collapse include dir [/usr/include/x86_64-linux-gnu] ==> [/usr/include/x86_64-linux-gnu]
  collapse include dir [/usr/include] ==> [/usr/include]
  implicit include dirs: [/usr/include/c++/10;/usr/include/x86_64-linux-gnu/c++/10;/usr/include/c++/10/backward;/usr/local/include;/usr/lib/llvm-11/lib/clang/11.0.0/include;/usr/include/x86_64-linux-gnu;/usr/include]


Parsed CXX implicit link information from above output:
  link line regex: [^( *|.*[/\])(ld|CMAKE_LINK_STARTFILE-NOTFOUND|([^/\]+-)?ld|collect2)[^/\]*( |$)]
  ignore line: [Change Dir: /home/shou/coding/hsfuzz/corbfuzz_ext/cmake-build-debug/CMakeFiles/CMakeTmp]
  ignore line: []
  ignore line: [Run Build Command(s):/usr/bin/gmake cmTC_e197d/fast && /usr/bin/gmake  -f CMakeFiles/cmTC_e197d.dir/build.make CMakeFiles/cmTC_e197d.dir/build]
  ignore line: [gmake[1]: Entering directory '/home/shou/coding/hsfuzz/corbfuzz_ext/cmake-build-debug/CMakeFiles/CMakeTmp']
  ignore line: [Building CXX object CMakeFiles/cmTC_e197d.dir/CMakeCXXCompilerABI.cpp.o]
  ignore line: [/usr/bin/clang++   -v -o CMakeFiles/cmTC_e197d.dir/CMakeCXXCompilerABI.cpp.o -c /snap/clion/149/bin/cmake/linux/share/cmake-3.19/Modules/CMakeCXXCompilerABI.cpp]
  ignore line: [Ubuntu clang version 11.0.0-2]
  ignore line: [Target: x86_64-pc-linux-gnu]
  ignore line: [Thread model: posix]
  ignore line: [InstalledDir: /usr/bin]
  ignore line: [Found candidate GCC installation: /usr/bin/../lib/gcc/x86_64-linux-gnu/10]
  ignore line: [Found candidate GCC installation: /usr/bin/../lib/gcc/x86_64-linux-gnu/9]
  ignore line: [Found candidate GCC installation: /usr/lib/gcc/x86_64-linux-gnu/10]
  ignore line: [Found candidate GCC installation: /usr/lib/gcc/x86_64-linux-gnu/9]
  ignore line: [Selected GCC installation: /usr/bin/../lib/gcc/x86_64-linux-gnu/10]
  ignore line: [Candidate multilib: .]
  ignore line: [@m64]
  ignore line: [Selected multilib: .]
  ignore line: [@m64]
  ignore line: [Found CUDA installation: /usr/lib/cuda  version 11.0]
  ignore line: [ (in-process)]
  ignore line: [ "/usr/lib/llvm-11/bin/clang" -cc1 -triple x86_64-pc-linux-gnu -emit-obj -mrelax-all -disable-free -disable-llvm-verifier -discard-value-names -main-file-name CMakeCXXCompilerABI.cpp -mrelocation-model static -mframe-pointer=all -fmath-errno -fno-rounding-math -mconstructor-aliases -munwind-tables -target-cpu x86-64 -fno-split-dwarf-inlining -debugger-tuning=gdb -v -resource-dir /usr/lib/llvm-11/lib/clang/11.0.0 -internal-isystem /usr/bin/../lib/gcc/x86_64-linux-gnu/10/../../../../include/c++/10 -internal-isystem /usr/bin/../lib/gcc/x86_64-linux-gnu/10/../../../../include/x86_64-linux-gnu/c++/10 -internal-isystem /usr/bin/../lib/gcc/x86_64-linux-gnu/10/../../../../include/x86_64-linux-gnu/c++/10 -internal-isystem /usr/bin/../lib/gcc/x86_64-linux-gnu/10/../../../../include/c++/10/backward -internal-isystem /usr/local/include -internal-isystem /usr/lib/llvm-11/lib/clang/11.0.0/include -internal-externc-isystem /usr/include/x86_64-linux-gnu -internal-externc-isystem /include -internal-externc-isystem /usr/include -fdeprecated-macro -fdebug-compilation-dir /home/shou/coding/hsfuzz/corbfuzz_ext/cmake-build-debug/CMakeFiles/CMakeTmp -ferror-limit 19 -fgnuc-version=4.2.1 -fcxx-exceptions -fexceptions -faddrsig -o CMakeFiles/cmTC_e197d.dir/CMakeCXXCompilerABI.cpp.o -x c++ /snap/clion/149/bin/cmake/linux/share/cmake-3.19/Modules/CMakeCXXCompilerABI.cpp]
  ignore line: [clang -cc1 version 11.0.0 based upon LLVM 11.0.0 default target x86_64-pc-linux-gnu]
  ignore line: [ignoring nonexistent directory "/include"]
  ignore line: [ignoring duplicate directory "/usr/bin/../lib/gcc/x86_64-linux-gnu/10/../../../../include/x86_64-linux-gnu/c++/10"]
  ignore line: [#include "..." search starts here:]
  ignore line: [#include <...> search starts here:]
  ignore line: [ /usr/bin/../lib/gcc/x86_64-linux-gnu/10/../../../../include/c++/10]
  ignore line: [ /usr/bin/../lib/gcc/x86_64-linux-gnu/10/../../../../include/x86_64-linux-gnu/c++/10]
  ignore line: [ /usr/bin/../lib/gcc/x86_64-linux-gnu/10/../../../../include/c++/10/backward]
  ignore line: [ /usr/local/include]
  ignore line: [ /usr/lib/llvm-11/lib/clang/11.0.0/include]
  ignore line: [ /usr/include/x86_64-linux-gnu]
  ignore line: [ /usr/include]
  ignore line: [End of search list.]
  ignore line: [Linking CXX executable cmTC_e197d]
  ignore line: [/snap/clion/149/bin/cmake/linux/bin/cmake -E cmake_link_script CMakeFiles/cmTC_e197d.dir/link.txt --verbose=1]
  ignore line: [/usr/bin/clang++  -v CMakeFiles/cmTC_e197d.dir/CMakeCXXCompilerABI.cpp.o -o cmTC_e197d ]
  ignore line: [Ubuntu clang version 11.0.0-2]
  ignore line: [Target: x86_64-pc-linux-gnu]
  ignore line: [Thread model: posix]
  ignore line: [InstalledDir: /usr/bin]
  ignore line: [Found candidate GCC installation: /usr/bin/../lib/gcc/x86_64-linux-gnu/10]
  ignore line: [Found candidate GCC installation: /usr/bin/../lib/gcc/x86_64-linux-gnu/9]
  ignore line: [Found candidate GCC installation: /usr/lib/gcc/x86_64-linux-gnu/10]
  ignore line: [Found candidate GCC installation: /usr/lib/gcc/x86_64-linux-gnu/9]
  ignore line: [Selected GCC installation: /usr/bin/../lib/gcc/x86_64-linux-gnu/10]
  ignore line: [Candidate multilib: .]
  ignore line: [@m64]
  ignore line: [Selected multilib: .]
  ignore line: [@m64]
  ignore line: [Found CUDA installation: /usr/lib/cuda  version 11.0]
  link line: [ "/usr/bin/ld" -z relro --hash-style=gnu --build-id --eh-frame-hdr -m elf_x86_64 -dynamic-linker /lib64/ld-linux-x86-64.so.2 -o cmTC_e197d /usr/bin/../lib/gcc/x86_64-linux-gnu/10/../../../x86_64-linux-gnu/crt1.o /usr/bin/../lib/gcc/x86_64-linux-gnu/10/../../../x86_64-linux-gnu/crti.o /usr/bin/../lib/gcc/x86_64-linux-gnu/10/crtbegin.o -L/usr/bin/../lib/gcc/x86_64-linux-gnu/10 -L/usr/bin/../lib/gcc/x86_64-linux-gnu/10/../../../x86_64-linux-gnu -L/usr/bin/../lib/gcc/x86_64-linux-gnu/10/../../../../lib64 -L/lib/x86_64-linux-gnu -L/lib/../lib64 -L/usr/lib/x86_64-linux-gnu -L/usr/lib/../lib64 -L/usr/lib/x86_64-linux-gnu/../../lib64 -L/usr/bin/../lib/gcc/x86_64-linux-gnu/10/../../.. -L/usr/lib/llvm-11/bin/../lib -L/lib -L/usr/lib CMakeFiles/cmTC_e197d.dir/CMakeCXXCompilerABI.cpp.o -lstdc++ -lm -lgcc_s -lgcc -lc -lgcc_s -lgcc /usr/bin/../lib/gcc/x86_64-linux-gnu/10/crtend.o /usr/bin/../lib/gcc/x86_64-linux-gnu/10/../../../x86_64-linux-gnu/crtn.o]
    arg [/usr/bin/ld] ==> ignore
    arg [-zrelro] ==> ignore
    arg [--hash-style=gnu] ==> ignore
    arg [--build-id] ==> ignore
    arg [--eh-frame-hdr] ==> ignore
    arg [-m] ==> ignore
    arg [elf_x86_64] ==> ignore
    arg [-dynamic-linker] ==> ignore
    arg [/lib64/ld-linux-x86-64.so.2] ==> ignore
    arg [-o] ==> ignore
    arg [cmTC_e197d] ==> ignore
    arg [/usr/bin/../lib/gcc/x86_64-linux-gnu/10/../../../x86_64-linux-gnu/crt1.o] ==> ignore
    arg [/usr/bin/../lib/gcc/x86_64-linux-gnu/10/../../../x86_64-linux-gnu/crti.o] ==> ignore
    arg [/usr/bin/../lib/gcc/x86_64-linux-gnu/10/crtbegin.o] ==> ignore
    arg [-L/usr/bin/../lib/gcc/x86_64-linux-gnu/10] ==> dir [/usr/bin/../lib/gcc/x86_64-linux-gnu/10]
    arg [-L/usr/bin/../lib/gcc/x86_64-linux-gnu/10/../../../x86_64-linux-gnu] ==> dir [/usr/bin/../lib/gcc/x86_64-linux-gnu/10/../../../x86_64-linux-gnu]
    arg [-L/usr/bin/../lib/gcc/x86_64-linux-gnu/10/../../../../lib64] ==> dir [/usr/bin/../lib/gcc/x86_64-linux-gnu/10/../../../../lib64]
    arg [-L/lib/x86_64-linux-gnu] ==> dir [/lib/x86_64-linux-gnu]
    arg [-L/lib/../lib64] ==> dir [/lib/../lib64]
    arg [-L/usr/lib/x86_64-linux-gnu] ==> dir [/usr/lib/x86_64-linux-gnu]
    arg [-L/usr/lib/../lib64] ==> dir [/usr/lib/../lib64]
    arg [-L/usr/lib/x86_64-linux-gnu/../../lib64] ==> dir [/usr/lib/x86_64-linux-gnu/../../lib64]
    arg [-L/usr/bin/../lib/gcc/x86_64-linux-gnu/10/../../..] ==> dir [/usr/bin/../lib/gcc/x86_64-linux-gnu/10/../../..]
    arg [-L/usr/lib/llvm-11/bin/../lib] ==> dir [/usr/lib/llvm-11/bin/../lib]
    arg [-L/lib] ==> dir [/lib]
    arg [-L/usr/lib] ==> dir [/usr/lib]
    arg [CMakeFiles/cmTC_e197d.dir/CMakeCXXCompilerABI.cpp.o] ==> ignore
    arg [-lstdc++] ==> lib [stdc++]
    arg [-lm] ==> lib [m]
    arg [-lgcc_s] ==> lib [gcc_s]
    arg [-lgcc] ==> lib [gcc]
    arg [-lc] ==> lib [c]
    arg [-lgcc_s] ==> lib [gcc_s]
    arg [-lgcc] ==> lib [gcc]
    arg [/usr/bin/../lib/gcc/x86_64-linux-gnu/10/crtend.o] ==> ignore
    arg [/usr/bin/../lib/gcc/x86_64-linux-gnu/10/../../../x86_64-linux-gnu/crtn.o] ==> ignore
  collapse library dir [/usr/bin/../lib/gcc/x86_64-linux-gnu/10] ==> [/usr/lib/gcc/x86_64-linux-gnu/10]
  collapse library dir [/usr/bin/../lib/gcc/x86_64-linux-gnu/10/../../../x86_64-linux-gnu] ==> [/usr/lib/x86_64-linux-gnu]
  collapse library dir [/usr/bin/../lib/gcc/x86_64-linux-gnu/10/../../../../lib64] ==> [/usr/lib64]
  collapse library dir [/lib/x86_64-linux-gnu] ==> [/lib/x86_64-linux-gnu]
  collapse library dir [/lib/../lib64] ==> [/lib64]
  collapse library dir [/usr/lib/x86_64-linux-gnu] ==> [/usr/lib/x86_64-linux-gnu]
  collapse library dir [/usr/lib/../lib64] ==> [/usr/lib64]
  collapse library dir [/usr/lib/x86_64-linux-gnu/../../lib64] ==> [/usr/lib64]
  collapse library dir [/usr/bin/../lib/gcc/x86_64-linux-gnu/10/../../..] ==> [/usr/lib]
  collapse library dir [/usr/lib/llvm-11/bin/../lib] ==> [/usr/lib/llvm-11/lib]
  collapse library dir [/lib] ==> [/lib]
  collapse library dir [/usr/lib] ==> [/usr/lib]
  implicit libs: [stdc++;m;gcc_s;gcc;c;gcc_s;gcc]
  implicit dirs: [/usr/lib/gcc/x86_64-linux-gnu/10;/usr/lib/x86_64-linux-gnu;/usr/lib64;/lib/x86_64-linux-gnu;/lib64;/usr/lib;/usr/lib/llvm-11/lib;/lib]
  implicit fwks: []


